2021-11-16 23:27:50 Notice: Notice (8): Undefined variable: imagenes in [C:\xampp\htdocs\oven\aniphoria-merch\src\Controller\Admin\MerchandisingController.php, line 57]
Request URL: /admin/merchandising/add
Referer URL: http://localhost/oven/aniphoria-merch/admin/merchandising/add
Trace:
Cake\Error\BaseErrorHandler::handleError() - CORE\src\Error\BaseErrorHandler.php, line 188
DebugKit\Plugin::DebugKit\{closure}() - ROOT\vendor\cakephp\debug_kit\src\Plugin.php, line 105
App\Controller\Admin\MerchandisingController::add() - APP/Controller\Admin\MerchandisingController.php, line 57
Cake\Controller\Controller::invokeAction() - CORE\src\Controller\Controller.php, line 521
Cake\Controller\ControllerFactory::invoke() - CORE\src\Controller\ControllerFactory.php, line 79
Cake\Http\BaseApplication::handle() - CORE\src\Http\BaseApplication.php, line 229
Cake\Http\Runner::handle() - CORE\src\Http\Runner.php, line 77
Cake\Http\Middleware\BodyParserMiddleware::process() - CORE\src\Http\Middleware\BodyParserMiddleware.php, line 164
Cake\Http\Runner::handle() - CORE\src\Http\Runner.php, line 73
Cake\Routing\Middleware\RoutingMiddleware::process() - CORE\src\Routing\Middleware\RoutingMiddleware.php, line 160
Cake\Http\Runner::handle() - CORE\src\Http\Runner.php, line 73
Cake\Routing\Middleware\AssetMiddleware::process() - CORE\src\Routing\Middleware\AssetMiddleware.php, line 68
Cake\Http\Runner::handle() - CORE\src\Http\Runner.php, line 73
Cake\Error\Middleware\ErrorHandlerMiddleware::process() - CORE\src\Error\Middleware\ErrorHandlerMiddleware.php, line 119
Cake\Http\Runner::handle() - CORE\src\Http\Runner.php, line 73
DebugKit\Middleware\DebugKitMiddleware::process() - ROOT\vendor\cakephp\debug_kit\src\Middleware\DebugKitMiddleware.php, line 60
Cake\Http\Runner::handle() - CORE\src\Http\Runner.php, line 73
Cake\Http\Runner::run() - CORE\src\Http\Runner.php, line 58
Cake\Http\Server::run() - CORE\src\Http\Server.php, line 90
[main] - ROOT\webroot\index.php, line 40



2021-11-16 23:27:50 Notice: Notice (8): Trying to get property '' of non-object in [C:\xampp\htdocs\oven\aniphoria-merch\src\Controller\Admin\MerchandisingController.php, line 57]
Request URL: /admin/merchandising/add
Referer URL: http://localhost/oven/aniphoria-merch/admin/merchandising/add
Trace:
Cake\Error\BaseErrorHandler::handleError() - CORE\src\Error\BaseErrorHandler.php, line 188
DebugKit\Plugin::DebugKit\{closure}() - ROOT\vendor\cakephp\debug_kit\src\Plugin.php, line 105
App\Controller\Admin\MerchandisingController::add() - APP/Controller\Admin\MerchandisingController.php, line 57
Cake\Controller\Controller::invokeAction() - CORE\src\Controller\Controller.php, line 521
Cake\Controller\ControllerFactory::invoke() - CORE\src\Controller\ControllerFactory.php, line 79
Cake\Http\BaseApplication::handle() - CORE\src\Http\BaseApplication.php, line 229
Cake\Http\Runner::handle() - CORE\src\Http\Runner.php, line 77
Cake\Http\Middleware\BodyParserMiddleware::process() - CORE\src\Http\Middleware\BodyParserMiddleware.php, line 164
Cake\Http\Runner::handle() - CORE\src\Http\Runner.php, line 73
Cake\Routing\Middleware\RoutingMiddleware::process() - CORE\src\Routing\Middleware\RoutingMiddleware.php, line 160
Cake\Http\Runner::handle() - CORE\src\Http\Runner.php, line 73
Cake\Routing\Middleware\AssetMiddleware::process() - CORE\src\Routing\Middleware\AssetMiddleware.php, line 68
Cake\Http\Runner::handle() - CORE\src\Http\Runner.php, line 73
Cake\Error\Middleware\ErrorHandlerMiddleware::process() - CORE\src\Error\Middleware\ErrorHandlerMiddleware.php, line 119
Cake\Http\Runner::handle() - CORE\src\Http\Runner.php, line 73
DebugKit\Middleware\DebugKitMiddleware::process() - ROOT\vendor\cakephp\debug_kit\src\Middleware\DebugKitMiddleware.php, line 60
Cake\Http\Runner::handle() - CORE\src\Http\Runner.php, line 73
Cake\Http\Runner::run() - CORE\src\Http\Runner.php, line 58
Cake\Http\Server::run() - CORE\src\Http\Server.php, line 90
[main] - ROOT\webroot\index.php, line 40



2021-11-16 23:27:50 Notice: Notice (8): Trying to get property 'request' of non-object in [C:\xampp\htdocs\oven\aniphoria-merch\src\Controller\Admin\MerchandisingController.php, line 57]
Request URL: /admin/merchandising/add
Referer URL: http://localhost/oven/aniphoria-merch/admin/merchandising/add
Trace:
Cake\Error\BaseErrorHandler::handleError() - CORE\src\Error\BaseErrorHandler.php, line 188
DebugKit\Plugin::DebugKit\{closure}() - ROOT\vendor\cakephp\debug_kit\src\Plugin.php, line 105
App\Controller\Admin\MerchandisingController::add() - APP/Controller\Admin\MerchandisingController.php, line 57
Cake\Controller\Controller::invokeAction() - CORE\src\Controller\Controller.php, line 521
Cake\Controller\ControllerFactory::invoke() - CORE\src\Controller\ControllerFactory.php, line 79
Cake\Http\BaseApplication::handle() - CORE\src\Http\BaseApplication.php, line 229
Cake\Http\Runner::handle() - CORE\src\Http\Runner.php, line 77
Cake\Http\Middleware\BodyParserMiddleware::process() - CORE\src\Http\Middleware\BodyParserMiddleware.php, line 164
Cake\Http\Runner::handle() - CORE\src\Http\Runner.php, line 73
Cake\Routing\Middleware\RoutingMiddleware::process() - CORE\src\Routing\Middleware\RoutingMiddleware.php, line 160
Cake\Http\Runner::handle() - CORE\src\Http\Runner.php, line 73
Cake\Routing\Middleware\AssetMiddleware::process() - CORE\src\Routing\Middleware\AssetMiddleware.php, line 68
Cake\Http\Runner::handle() - CORE\src\Http\Runner.php, line 73
Cake\Error\Middleware\ErrorHandlerMiddleware::process() - CORE\src\Error\Middleware\ErrorHandlerMiddleware.php, line 119
Cake\Http\Runner::handle() - CORE\src\Http\Runner.php, line 73
DebugKit\Middleware\DebugKitMiddleware::process() - ROOT\vendor\cakephp\debug_kit\src\Middleware\DebugKitMiddleware.php, line 60
Cake\Http\Runner::handle() - CORE\src\Http\Runner.php, line 73
Cake\Http\Runner::run() - CORE\src\Http\Runner.php, line 58
Cake\Http\Server::run() - CORE\src\Http\Server.php, line 90
[main] - ROOT\webroot\index.php, line 40



2021-11-16 23:28:16 Notice: Notice (8): Undefined variable: imagenes in [C:\xampp\htdocs\oven\aniphoria-merch\src\Controller\Admin\MerchandisingController.php, line 57]
Request URL: /admin/merchandising/add
Referer URL: http://localhost/oven/aniphoria-merch/admin/merchandising/add
Trace:
Cake\Error\BaseErrorHandler::handleError() - CORE\src\Error\BaseErrorHandler.php, line 188
DebugKit\Plugin::DebugKit\{closure}() - ROOT\vendor\cakephp\debug_kit\src\Plugin.php, line 105
App\Controller\Admin\MerchandisingController::add() - APP/Controller\Admin\MerchandisingController.php, line 57
Cake\Controller\Controller::invokeAction() - CORE\src\Controller\Controller.php, line 521
Cake\Controller\ControllerFactory::invoke() - CORE\src\Controller\ControllerFactory.php, line 79
Cake\Http\BaseApplication::handle() - CORE\src\Http\BaseApplication.php, line 229
Cake\Http\Runner::handle() - CORE\src\Http\Runner.php, line 77
Cake\Http\Middleware\BodyParserMiddleware::process() - CORE\src\Http\Middleware\BodyParserMiddleware.php, line 164
Cake\Http\Runner::handle() - CORE\src\Http\Runner.php, line 73
Cake\Routing\Middleware\RoutingMiddleware::process() - CORE\src\Routing\Middleware\RoutingMiddleware.php, line 160
Cake\Http\Runner::handle() - CORE\src\Http\Runner.php, line 73
Cake\Routing\Middleware\AssetMiddleware::process() - CORE\src\Routing\Middleware\AssetMiddleware.php, line 68
Cake\Http\Runner::handle() - CORE\src\Http\Runner.php, line 73
Cake\Error\Middleware\ErrorHandlerMiddleware::process() - CORE\src\Error\Middleware\ErrorHandlerMiddleware.php, line 119
Cake\Http\Runner::handle() - CORE\src\Http\Runner.php, line 73
DebugKit\Middleware\DebugKitMiddleware::process() - ROOT\vendor\cakephp\debug_kit\src\Middleware\DebugKitMiddleware.php, line 60
Cake\Http\Runner::handle() - CORE\src\Http\Runner.php, line 73
Cake\Http\Runner::run() - CORE\src\Http\Runner.php, line 58
Cake\Http\Server::run() - CORE\src\Http\Server.php, line 90
[main] - ROOT\webroot\index.php, line 40



2021-11-16 23:28:16 Notice: Notice (8): Trying to get property '' of non-object in [C:\xampp\htdocs\oven\aniphoria-merch\src\Controller\Admin\MerchandisingController.php, line 57]
Request URL: /admin/merchandising/add
Referer URL: http://localhost/oven/aniphoria-merch/admin/merchandising/add
Trace:
Cake\Error\BaseErrorHandler::handleError() - CORE\src\Error\BaseErrorHandler.php, line 188
DebugKit\Plugin::DebugKit\{closure}() - ROOT\vendor\cakephp\debug_kit\src\Plugin.php, line 105
App\Controller\Admin\MerchandisingController::add() - APP/Controller\Admin\MerchandisingController.php, line 57
Cake\Controller\Controller::invokeAction() - CORE\src\Controller\Controller.php, line 521
Cake\Controller\ControllerFactory::invoke() - CORE\src\Controller\ControllerFactory.php, line 79
Cake\Http\BaseApplication::handle() - CORE\src\Http\BaseApplication.php, line 229
Cake\Http\Runner::handle() - CORE\src\Http\Runner.php, line 77
Cake\Http\Middleware\BodyParserMiddleware::process() - CORE\src\Http\Middleware\BodyParserMiddleware.php, line 164
Cake\Http\Runner::handle() - CORE\src\Http\Runner.php, line 73
Cake\Routing\Middleware\RoutingMiddleware::process() - CORE\src\Routing\Middleware\RoutingMiddleware.php, line 160
Cake\Http\Runner::handle() - CORE\src\Http\Runner.php, line 73
Cake\Routing\Middleware\AssetMiddleware::process() - CORE\src\Routing\Middleware\AssetMiddleware.php, line 68
Cake\Http\Runner::handle() - CORE\src\Http\Runner.php, line 73
Cake\Error\Middleware\ErrorHandlerMiddleware::process() - CORE\src\Error\Middleware\ErrorHandlerMiddleware.php, line 119
Cake\Http\Runner::handle() - CORE\src\Http\Runner.php, line 73
DebugKit\Middleware\DebugKitMiddleware::process() - ROOT\vendor\cakephp\debug_kit\src\Middleware\DebugKitMiddleware.php, line 60
Cake\Http\Runner::handle() - CORE\src\Http\Runner.php, line 73
Cake\Http\Runner::run() - CORE\src\Http\Runner.php, line 58
Cake\Http\Server::run() - CORE\src\Http\Server.php, line 90
[main] - ROOT\webroot\index.php, line 40



2021-11-16 23:28:16 Notice: Notice (8): Trying to get property 'request' of non-object in [C:\xampp\htdocs\oven\aniphoria-merch\src\Controller\Admin\MerchandisingController.php, line 57]
Request URL: /admin/merchandising/add
Referer URL: http://localhost/oven/aniphoria-merch/admin/merchandising/add
Trace:
Cake\Error\BaseErrorHandler::handleError() - CORE\src\Error\BaseErrorHandler.php, line 188
DebugKit\Plugin::DebugKit\{closure}() - ROOT\vendor\cakephp\debug_kit\src\Plugin.php, line 105
App\Controller\Admin\MerchandisingController::add() - APP/Controller\Admin\MerchandisingController.php, line 57
Cake\Controller\Controller::invokeAction() - CORE\src\Controller\Controller.php, line 521
Cake\Controller\ControllerFactory::invoke() - CORE\src\Controller\ControllerFactory.php, line 79
Cake\Http\BaseApplication::handle() - CORE\src\Http\BaseApplication.php, line 229
Cake\Http\Runner::handle() - CORE\src\Http\Runner.php, line 77
Cake\Http\Middleware\BodyParserMiddleware::process() - CORE\src\Http\Middleware\BodyParserMiddleware.php, line 164
Cake\Http\Runner::handle() - CORE\src\Http\Runner.php, line 73
Cake\Routing\Middleware\RoutingMiddleware::process() - CORE\src\Routing\Middleware\RoutingMiddleware.php, line 160
Cake\Http\Runner::handle() - CORE\src\Http\Runner.php, line 73
Cake\Routing\Middleware\AssetMiddleware::process() - CORE\src\Routing\Middleware\AssetMiddleware.php, line 68
Cake\Http\Runner::handle() - CORE\src\Http\Runner.php, line 73
Cake\Error\Middleware\ErrorHandlerMiddleware::process() - CORE\src\Error\Middleware\ErrorHandlerMiddleware.php, line 119
Cake\Http\Runner::handle() - CORE\src\Http\Runner.php, line 73
DebugKit\Middleware\DebugKitMiddleware::process() - ROOT\vendor\cakephp\debug_kit\src\Middleware\DebugKitMiddleware.php, line 60
Cake\Http\Runner::handle() - CORE\src\Http\Runner.php, line 73
Cake\Http\Runner::run() - CORE\src\Http\Runner.php, line 58
Cake\Http\Server::run() - CORE\src\Http\Server.php, line 90
[main] - ROOT\webroot\index.php, line 40



2021-11-17 01:39:24 Notice: Notice (8): Undefined index: clientFilename in [C:\xampp\htdocs\oven\aniphoria-merch\src\Controller\Admin\MerchandisingController.php, line 58]
Request URL: /admin/merchandising/add
Referer URL: http://localhost/oven/aniphoria-merch/admin/merchandising/add
Trace:
Cake\Error\BaseErrorHandler::handleError() - CORE\src\Error\BaseErrorHandler.php, line 188
DebugKit\Plugin::DebugKit\{closure}() - ROOT\vendor\cakephp\debug_kit\src\Plugin.php, line 105
App\Controller\Admin\MerchandisingController::add() - APP/Controller\Admin\MerchandisingController.php, line 58
Cake\Controller\Controller::invokeAction() - CORE\src\Controller\Controller.php, line 521
Cake\Controller\ControllerFactory::invoke() - CORE\src\Controller\ControllerFactory.php, line 79
Cake\Http\BaseApplication::handle() - CORE\src\Http\BaseApplication.php, line 229
Cake\Http\Runner::handle() - CORE\src\Http\Runner.php, line 77
Cake\Http\Middleware\BodyParserMiddleware::process() - CORE\src\Http\Middleware\BodyParserMiddleware.php, line 164
Cake\Http\Runner::handle() - CORE\src\Http\Runner.php, line 73
Cake\Routing\Middleware\RoutingMiddleware::process() - CORE\src\Routing\Middleware\RoutingMiddleware.php, line 160
Cake\Http\Runner::handle() - CORE\src\Http\Runner.php, line 73
Cake\Routing\Middleware\AssetMiddleware::process() - CORE\src\Routing\Middleware\AssetMiddleware.php, line 68
Cake\Http\Runner::handle() - CORE\src\Http\Runner.php, line 73
Cake\Error\Middleware\ErrorHandlerMiddleware::process() - CORE\src\Error\Middleware\ErrorHandlerMiddleware.php, line 119
Cake\Http\Runner::handle() - CORE\src\Http\Runner.php, line 73
DebugKit\Middleware\DebugKitMiddleware::process() - ROOT\vendor\cakephp\debug_kit\src\Middleware\DebugKitMiddleware.php, line 60
Cake\Http\Runner::handle() - CORE\src\Http\Runner.php, line 73
Cake\Http\Runner::run() - CORE\src\Http\Runner.php, line 58
Cake\Http\Server::run() - CORE\src\Http\Server.php, line 90
[main] - ROOT\webroot\index.php, line 40



2021-11-17 01:43:59 Notice: Notice (8): Trying to get property 'clientFilename' of non-object in [C:\xampp\htdocs\oven\aniphoria-merch\src\Controller\Admin\MerchandisingController.php, line 58]
Request URL: /admin/merchandising/add
Referer URL: http://localhost/oven/aniphoria-merch/admin/merchandising/add
Trace:
Cake\Error\BaseErrorHandler::handleError() - CORE\src\Error\BaseErrorHandler.php, line 188
DebugKit\Plugin::DebugKit\{closure}() - ROOT\vendor\cakephp\debug_kit\src\Plugin.php, line 105
App\Controller\Admin\MerchandisingController::add() - APP/Controller\Admin\MerchandisingController.php, line 58
Cake\Controller\Controller::invokeAction() - CORE\src\Controller\Controller.php, line 521
Cake\Controller\ControllerFactory::invoke() - CORE\src\Controller\ControllerFactory.php, line 79
Cake\Http\BaseApplication::handle() - CORE\src\Http\BaseApplication.php, line 229
Cake\Http\Runner::handle() - CORE\src\Http\Runner.php, line 77
Cake\Http\Middleware\BodyParserMiddleware::process() - CORE\src\Http\Middleware\BodyParserMiddleware.php, line 164
Cake\Http\Runner::handle() - CORE\src\Http\Runner.php, line 73
Cake\Routing\Middleware\RoutingMiddleware::process() - CORE\src\Routing\Middleware\RoutingMiddleware.php, line 160
Cake\Http\Runner::handle() - CORE\src\Http\Runner.php, line 73
Cake\Routing\Middleware\AssetMiddleware::process() - CORE\src\Routing\Middleware\AssetMiddleware.php, line 68
Cake\Http\Runner::handle() - CORE\src\Http\Runner.php, line 73
Cake\Error\Middleware\ErrorHandlerMiddleware::process() - CORE\src\Error\Middleware\ErrorHandlerMiddleware.php, line 119
Cake\Http\Runner::handle() - CORE\src\Http\Runner.php, line 73
DebugKit\Middleware\DebugKitMiddleware::process() - ROOT\vendor\cakephp\debug_kit\src\Middleware\DebugKitMiddleware.php, line 60
Cake\Http\Runner::handle() - CORE\src\Http\Runner.php, line 73
Cake\Http\Runner::run() - CORE\src\Http\Runner.php, line 58
Cake\Http\Server::run() - CORE\src\Http\Server.php, line 90
[main] - ROOT\webroot\index.php, line 40



2021-11-17 03:25:44 Notice: Notice (8): Array to string conversion in [C:\xampp\htdocs\oven\aniphoria-merch\src\Controller\Admin\MerchandisingController.php, line 146]
Request URL: /admin/merchandising/add
Referer URL: http://localhost/oven/aniphoria-merch/admin/merchandising/add
Trace:
Cake\Error\BaseErrorHandler::handleError() - CORE\src\Error\BaseErrorHandler.php, line 188
DebugKit\Plugin::DebugKit\{closure}() - ROOT\vendor\cakephp\debug_kit\src\Plugin.php, line 105
App\Controller\Admin\MerchandisingController::constructData() - APP/Controller\Admin\MerchandisingController.php, line 146
App\Controller\Admin\MerchandisingController::add() - APP/Controller\Admin\MerchandisingController.php, line 56
Cake\Controller\Controller::invokeAction() - CORE\src\Controller\Controller.php, line 521
Cake\Controller\ControllerFactory::invoke() - CORE\src\Controller\ControllerFactory.php, line 79
Cake\Http\BaseApplication::handle() - CORE\src\Http\BaseApplication.php, line 229
Cake\Http\Runner::handle() - CORE\src\Http\Runner.php, line 77
Cake\Http\Middleware\BodyParserMiddleware::process() - CORE\src\Http\Middleware\BodyParserMiddleware.php, line 164
Cake\Http\Runner::handle() - CORE\src\Http\Runner.php, line 73
Cake\Routing\Middleware\RoutingMiddleware::process() - CORE\src\Routing\Middleware\RoutingMiddleware.php, line 160
Cake\Http\Runner::handle() - CORE\src\Http\Runner.php, line 73
Cake\Routing\Middleware\AssetMiddleware::process() - CORE\src\Routing\Middleware\AssetMiddleware.php, line 68
Cake\Http\Runner::handle() - CORE\src\Http\Runner.php, line 73
Cake\Error\Middleware\ErrorHandlerMiddleware::process() - CORE\src\Error\Middleware\ErrorHandlerMiddleware.php, line 119
Cake\Http\Runner::handle() - CORE\src\Http\Runner.php, line 73
DebugKit\Middleware\DebugKitMiddleware::process() - ROOT\vendor\cakephp\debug_kit\src\Middleware\DebugKitMiddleware.php, line 60
Cake\Http\Runner::handle() - CORE\src\Http\Runner.php, line 73
Cake\Http\Runner::run() - CORE\src\Http\Runner.php, line 58
Cake\Http\Server::run() - CORE\src\Http\Server.php, line 90
[main] - ROOT\webroot\index.php, line 40



2021-11-17 03:25:44 Notice: Notice (8): Undefined variable: name in [C:\xampp\htdocs\oven\aniphoria-merch\src\Controller\Admin\MerchandisingController.php, line 148]
Request URL: /admin/merchandising/add
Referer URL: http://localhost/oven/aniphoria-merch/admin/merchandising/add
Trace:
Cake\Error\BaseErrorHandler::handleError() - CORE\src\Error\BaseErrorHandler.php, line 188
DebugKit\Plugin::DebugKit\{closure}() - ROOT\vendor\cakephp\debug_kit\src\Plugin.php, line 105
App\Controller\Admin\MerchandisingController::constructData() - APP/Controller\Admin\MerchandisingController.php, line 148
App\Controller\Admin\MerchandisingController::add() - APP/Controller\Admin\MerchandisingController.php, line 56
Cake\Controller\Controller::invokeAction() - CORE\src\Controller\Controller.php, line 521
Cake\Controller\ControllerFactory::invoke() - CORE\src\Controller\ControllerFactory.php, line 79
Cake\Http\BaseApplication::handle() - CORE\src\Http\BaseApplication.php, line 229
Cake\Http\Runner::handle() - CORE\src\Http\Runner.php, line 77
Cake\Http\Middleware\BodyParserMiddleware::process() - CORE\src\Http\Middleware\BodyParserMiddleware.php, line 164
Cake\Http\Runner::handle() - CORE\src\Http\Runner.php, line 73
Cake\Routing\Middleware\RoutingMiddleware::process() - CORE\src\Routing\Middleware\RoutingMiddleware.php, line 160
Cake\Http\Runner::handle() - CORE\src\Http\Runner.php, line 73
Cake\Routing\Middleware\AssetMiddleware::process() - CORE\src\Routing\Middleware\AssetMiddleware.php, line 68
Cake\Http\Runner::handle() - CORE\src\Http\Runner.php, line 73
Cake\Error\Middleware\ErrorHandlerMiddleware::process() - CORE\src\Error\Middleware\ErrorHandlerMiddleware.php, line 119
Cake\Http\Runner::handle() - CORE\src\Http\Runner.php, line 73
DebugKit\Middleware\DebugKitMiddleware::process() - ROOT\vendor\cakephp\debug_kit\src\Middleware\DebugKitMiddleware.php, line 60
Cake\Http\Runner::handle() - CORE\src\Http\Runner.php, line 73
Cake\Http\Runner::run() - CORE\src\Http\Runner.php, line 58
Cake\Http\Server::run() - CORE\src\Http\Server.php, line 90
[main] - ROOT\webroot\index.php, line 40



2021-11-17 03:26:32 Notice: Notice (8): Array to string conversion in [C:\xampp\htdocs\oven\aniphoria-merch\src\Controller\Admin\MerchandisingController.php, line 146]
Request URL: /admin/merchandising/add
Referer URL: http://localhost/oven/aniphoria-merch/admin/merchandising/add
Trace:
Cake\Error\BaseErrorHandler::handleError() - CORE\src\Error\BaseErrorHandler.php, line 188
DebugKit\Plugin::DebugKit\{closure}() - ROOT\vendor\cakephp\debug_kit\src\Plugin.php, line 105
App\Controller\Admin\MerchandisingController::constructData() - APP/Controller\Admin\MerchandisingController.php, line 146
App\Controller\Admin\MerchandisingController::add() - APP/Controller\Admin\MerchandisingController.php, line 56
Cake\Controller\Controller::invokeAction() - CORE\src\Controller\Controller.php, line 521
Cake\Controller\ControllerFactory::invoke() - CORE\src\Controller\ControllerFactory.php, line 79
Cake\Http\BaseApplication::handle() - CORE\src\Http\BaseApplication.php, line 229
Cake\Http\Runner::handle() - CORE\src\Http\Runner.php, line 77
Cake\Http\Middleware\BodyParserMiddleware::process() - CORE\src\Http\Middleware\BodyParserMiddleware.php, line 164
Cake\Http\Runner::handle() - CORE\src\Http\Runner.php, line 73
Cake\Routing\Middleware\RoutingMiddleware::process() - CORE\src\Routing\Middleware\RoutingMiddleware.php, line 160
Cake\Http\Runner::handle() - CORE\src\Http\Runner.php, line 73
Cake\Routing\Middleware\AssetMiddleware::process() - CORE\src\Routing\Middleware\AssetMiddleware.php, line 68
Cake\Http\Runner::handle() - CORE\src\Http\Runner.php, line 73
Cake\Error\Middleware\ErrorHandlerMiddleware::process() - CORE\src\Error\Middleware\ErrorHandlerMiddleware.php, line 119
Cake\Http\Runner::handle() - CORE\src\Http\Runner.php, line 73
DebugKit\Middleware\DebugKitMiddleware::process() - ROOT\vendor\cakephp\debug_kit\src\Middleware\DebugKitMiddleware.php, line 60
Cake\Http\Runner::handle() - CORE\src\Http\Runner.php, line 73
Cake\Http\Runner::run() - CORE\src\Http\Runner.php, line 58
Cake\Http\Server::run() - CORE\src\Http\Server.php, line 90
[main] - ROOT\webroot\index.php, line 40



2021-11-17 03:27:27 Notice: Notice (8): Array to string conversion in [C:\xampp\htdocs\oven\aniphoria-merch\src\Controller\Admin\MerchandisingController.php, line 146]
Request URL: /admin/merchandising/add
Referer URL: http://localhost/oven/aniphoria-merch/admin/merchandising/add
Trace:
Cake\Error\BaseErrorHandler::handleError() - CORE\src\Error\BaseErrorHandler.php, line 188
DebugKit\Plugin::DebugKit\{closure}() - ROOT\vendor\cakephp\debug_kit\src\Plugin.php, line 105
App\Controller\Admin\MerchandisingController::constructData() - APP/Controller\Admin\MerchandisingController.php, line 146
App\Controller\Admin\MerchandisingController::add() - APP/Controller\Admin\MerchandisingController.php, line 56
Cake\Controller\Controller::invokeAction() - CORE\src\Controller\Controller.php, line 521
Cake\Controller\ControllerFactory::invoke() - CORE\src\Controller\ControllerFactory.php, line 79
Cake\Http\BaseApplication::handle() - CORE\src\Http\BaseApplication.php, line 229
Cake\Http\Runner::handle() - CORE\src\Http\Runner.php, line 77
Cake\Http\Middleware\BodyParserMiddleware::process() - CORE\src\Http\Middleware\BodyParserMiddleware.php, line 164
Cake\Http\Runner::handle() - CORE\src\Http\Runner.php, line 73
Cake\Routing\Middleware\RoutingMiddleware::process() - CORE\src\Routing\Middleware\RoutingMiddleware.php, line 160
Cake\Http\Runner::handle() - CORE\src\Http\Runner.php, line 73
Cake\Routing\Middleware\AssetMiddleware::process() - CORE\src\Routing\Middleware\AssetMiddleware.php, line 68
Cake\Http\Runner::handle() - CORE\src\Http\Runner.php, line 73
Cake\Error\Middleware\ErrorHandlerMiddleware::process() - CORE\src\Error\Middleware\ErrorHandlerMiddleware.php, line 119
Cake\Http\Runner::handle() - CORE\src\Http\Runner.php, line 73
DebugKit\Middleware\DebugKitMiddleware::process() - ROOT\vendor\cakephp\debug_kit\src\Middleware\DebugKitMiddleware.php, line 60
Cake\Http\Runner::handle() - CORE\src\Http\Runner.php, line 73
Cake\Http\Runner::run() - CORE\src\Http\Runner.php, line 58
Cake\Http\Server::run() - CORE\src\Http\Server.php, line 90
[main] - ROOT\webroot\index.php, line 40



2021-11-17 03:29:58 Notice: Notice (8): Array to string conversion in [C:\xampp\htdocs\oven\aniphoria-merch\src\Controller\Admin\MerchandisingController.php, line 149]
Request URL: /admin/merchandising/add
Referer URL: http://localhost/oven/aniphoria-merch/admin/merchandising/add
Trace:
Cake\Error\BaseErrorHandler::handleError() - CORE\src\Error\BaseErrorHandler.php, line 188
DebugKit\Plugin::DebugKit\{closure}() - ROOT\vendor\cakephp\debug_kit\src\Plugin.php, line 105
App\Controller\Admin\MerchandisingController::constructData() - APP/Controller\Admin\MerchandisingController.php, line 149
App\Controller\Admin\MerchandisingController::add() - APP/Controller\Admin\MerchandisingController.php, line 56
Cake\Controller\Controller::invokeAction() - CORE\src\Controller\Controller.php, line 521
Cake\Controller\ControllerFactory::invoke() - CORE\src\Controller\ControllerFactory.php, line 79
Cake\Http\BaseApplication::handle() - CORE\src\Http\BaseApplication.php, line 229
Cake\Http\Runner::handle() - CORE\src\Http\Runner.php, line 77
Cake\Http\Middleware\BodyParserMiddleware::process() - CORE\src\Http\Middleware\BodyParserMiddleware.php, line 164
Cake\Http\Runner::handle() - CORE\src\Http\Runner.php, line 73
Cake\Routing\Middleware\RoutingMiddleware::process() - CORE\src\Routing\Middleware\RoutingMiddleware.php, line 160
Cake\Http\Runner::handle() - CORE\src\Http\Runner.php, line 73
Cake\Routing\Middleware\AssetMiddleware::process() - CORE\src\Routing\Middleware\AssetMiddleware.php, line 68
Cake\Http\Runner::handle() - CORE\src\Http\Runner.php, line 73
Cake\Error\Middleware\ErrorHandlerMiddleware::process() - CORE\src\Error\Middleware\ErrorHandlerMiddleware.php, line 119
Cake\Http\Runner::handle() - CORE\src\Http\Runner.php, line 73
DebugKit\Middleware\DebugKitMiddleware::process() - ROOT\vendor\cakephp\debug_kit\src\Middleware\DebugKitMiddleware.php, line 60
Cake\Http\Runner::handle() - CORE\src\Http\Runner.php, line 73
Cake\Http\Runner::run() - CORE\src\Http\Runner.php, line 58
Cake\Http\Server::run() - CORE\src\Http\Server.php, line 90
[main] - ROOT\webroot\index.php, line 40



2021-11-17 03:45:55 Notice: Notice (8): Undefined variable: key in [C:\xampp\htdocs\oven\aniphoria-merch\src\Controller\Admin\MerchandisingController.php, line 134]
Request URL: /admin/merchandising/add
Referer URL: http://localhost/oven/aniphoria-merch/admin/merchandising/add
Trace:
Cake\Error\BaseErrorHandler::handleError() - CORE\src\Error\BaseErrorHandler.php, line 188
DebugKit\Plugin::DebugKit\{closure}() - ROOT\vendor\cakephp\debug_kit\src\Plugin.php, line 105
App\Controller\Admin\MerchandisingController::constructData() - APP/Controller\Admin\MerchandisingController.php, line 134
App\Controller\Admin\MerchandisingController::add() - APP/Controller\Admin\MerchandisingController.php, line 56
Cake\Controller\Controller::invokeAction() - CORE\src\Controller\Controller.php, line 521
Cake\Controller\ControllerFactory::invoke() - CORE\src\Controller\ControllerFactory.php, line 79
Cake\Http\BaseApplication::handle() - CORE\src\Http\BaseApplication.php, line 229
Cake\Http\Runner::handle() - CORE\src\Http\Runner.php, line 77
Cake\Http\Middleware\BodyParserMiddleware::process() - CORE\src\Http\Middleware\BodyParserMiddleware.php, line 164
Cake\Http\Runner::handle() - CORE\src\Http\Runner.php, line 73
Cake\Routing\Middleware\RoutingMiddleware::process() - CORE\src\Routing\Middleware\RoutingMiddleware.php, line 160
Cake\Http\Runner::handle() - CORE\src\Http\Runner.php, line 73
Cake\Routing\Middleware\AssetMiddleware::process() - CORE\src\Routing\Middleware\AssetMiddleware.php, line 68
Cake\Http\Runner::handle() - CORE\src\Http\Runner.php, line 73
Cake\Error\Middleware\ErrorHandlerMiddleware::process() - CORE\src\Error\Middleware\ErrorHandlerMiddleware.php, line 119
Cake\Http\Runner::handle() - CORE\src\Http\Runner.php, line 73
DebugKit\Middleware\DebugKitMiddleware::process() - ROOT\vendor\cakephp\debug_kit\src\Middleware\DebugKitMiddleware.php, line 60
Cake\Http\Runner::handle() - CORE\src\Http\Runner.php, line 73
Cake\Http\Runner::run() - CORE\src\Http\Runner.php, line 58
Cake\Http\Server::run() - CORE\src\Http\Server.php, line 90
[main] - ROOT\webroot\index.php, line 40



2021-11-17 03:45:55 Notice: Notice (8): Undefined variable: key in [C:\xampp\htdocs\oven\aniphoria-merch\src\Controller\Admin\MerchandisingController.php, line 134]
Request URL: /admin/merchandising/add
Referer URL: http://localhost/oven/aniphoria-merch/admin/merchandising/add
Trace:
Cake\Error\BaseErrorHandler::handleError() - CORE\src\Error\BaseErrorHandler.php, line 188
DebugKit\Plugin::DebugKit\{closure}() - ROOT\vendor\cakephp\debug_kit\src\Plugin.php, line 105
App\Controller\Admin\MerchandisingController::constructData() - APP/Controller\Admin\MerchandisingController.php, line 134
App\Controller\Admin\MerchandisingController::add() - APP/Controller\Admin\MerchandisingController.php, line 56
Cake\Controller\Controller::invokeAction() - CORE\src\Controller\Controller.php, line 521
Cake\Controller\ControllerFactory::invoke() - CORE\src\Controller\ControllerFactory.php, line 79
Cake\Http\BaseApplication::handle() - CORE\src\Http\BaseApplication.php, line 229
Cake\Http\Runner::handle() - CORE\src\Http\Runner.php, line 77
Cake\Http\Middleware\BodyParserMiddleware::process() - CORE\src\Http\Middleware\BodyParserMiddleware.php, line 164
Cake\Http\Runner::handle() - CORE\src\Http\Runner.php, line 73
Cake\Routing\Middleware\RoutingMiddleware::process() - CORE\src\Routing\Middleware\RoutingMiddleware.php, line 160
Cake\Http\Runner::handle() - CORE\src\Http\Runner.php, line 73
Cake\Routing\Middleware\AssetMiddleware::process() - CORE\src\Routing\Middleware\AssetMiddleware.php, line 68
Cake\Http\Runner::handle() - CORE\src\Http\Runner.php, line 73
Cake\Error\Middleware\ErrorHandlerMiddleware::process() - CORE\src\Error\Middleware\ErrorHandlerMiddleware.php, line 119
Cake\Http\Runner::handle() - CORE\src\Http\Runner.php, line 73
DebugKit\Middleware\DebugKitMiddleware::process() - ROOT\vendor\cakephp\debug_kit\src\Middleware\DebugKitMiddleware.php, line 60
Cake\Http\Runner::handle() - CORE\src\Http\Runner.php, line 73
Cake\Http\Runner::run() - CORE\src\Http\Runner.php, line 58
Cake\Http\Server::run() - CORE\src\Http\Server.php, line 90
[main] - ROOT\webroot\index.php, line 40



2021-11-17 03:45:55 Notice: Notice (8): Undefined variable: key in [C:\xampp\htdocs\oven\aniphoria-merch\src\Controller\Admin\MerchandisingController.php, line 134]
Request URL: /admin/merchandising/add
Referer URL: http://localhost/oven/aniphoria-merch/admin/merchandising/add
Trace:
Cake\Error\BaseErrorHandler::handleError() - CORE\src\Error\BaseErrorHandler.php, line 188
DebugKit\Plugin::DebugKit\{closure}() - ROOT\vendor\cakephp\debug_kit\src\Plugin.php, line 105
App\Controller\Admin\MerchandisingController::constructData() - APP/Controller\Admin\MerchandisingController.php, line 134
App\Controller\Admin\MerchandisingController::add() - APP/Controller\Admin\MerchandisingController.php, line 56
Cake\Controller\Controller::invokeAction() - CORE\src\Controller\Controller.php, line 521
Cake\Controller\ControllerFactory::invoke() - CORE\src\Controller\ControllerFactory.php, line 79
Cake\Http\BaseApplication::handle() - CORE\src\Http\BaseApplication.php, line 229
Cake\Http\Runner::handle() - CORE\src\Http\Runner.php, line 77
Cake\Http\Middleware\BodyParserMiddleware::process() - CORE\src\Http\Middleware\BodyParserMiddleware.php, line 164
Cake\Http\Runner::handle() - CORE\src\Http\Runner.php, line 73
Cake\Routing\Middleware\RoutingMiddleware::process() - CORE\src\Routing\Middleware\RoutingMiddleware.php, line 160
Cake\Http\Runner::handle() - CORE\src\Http\Runner.php, line 73
Cake\Routing\Middleware\AssetMiddleware::process() - CORE\src\Routing\Middleware\AssetMiddleware.php, line 68
Cake\Http\Runner::handle() - CORE\src\Http\Runner.php, line 73
Cake\Error\Middleware\ErrorHandlerMiddleware::process() - CORE\src\Error\Middleware\ErrorHandlerMiddleware.php, line 119
Cake\Http\Runner::handle() - CORE\src\Http\Runner.php, line 73
DebugKit\Middleware\DebugKitMiddleware::process() - ROOT\vendor\cakephp\debug_kit\src\Middleware\DebugKitMiddleware.php, line 60
Cake\Http\Runner::handle() - CORE\src\Http\Runner.php, line 73
Cake\Http\Runner::run() - CORE\src\Http\Runner.php, line 58
Cake\Http\Server::run() - CORE\src\Http\Server.php, line 90
[main] - ROOT\webroot\index.php, line 40



2021-11-17 04:15:31 Notice: Notice (8): Undefined variable: imagen in [C:\xampp\htdocs\oven\aniphoria-merch\src\Controller\Admin\MerchandisingController.php, line 136]
Request URL: /admin/merchandising/add
Referer URL: http://localhost/oven/aniphoria-merch/admin/merchandising/add
Trace:
Cake\Error\BaseErrorHandler::handleError() - CORE\src\Error\BaseErrorHandler.php, line 188
DebugKit\Plugin::DebugKit\{closure}() - ROOT\vendor\cakephp\debug_kit\src\Plugin.php, line 105
App\Controller\Admin\MerchandisingController::constructData() - APP/Controller\Admin\MerchandisingController.php, line 136
App\Controller\Admin\MerchandisingController::add() - APP/Controller\Admin\MerchandisingController.php, line 56
Cake\Controller\Controller::invokeAction() - CORE\src\Controller\Controller.php, line 521
Cake\Controller\ControllerFactory::invoke() - CORE\src\Controller\ControllerFactory.php, line 79
Cake\Http\BaseApplication::handle() - CORE\src\Http\BaseApplication.php, line 229
Cake\Http\Runner::handle() - CORE\src\Http\Runner.php, line 77
Cake\Http\Middleware\BodyParserMiddleware::process() - CORE\src\Http\Middleware\BodyParserMiddleware.php, line 164
Cake\Http\Runner::handle() - CORE\src\Http\Runner.php, line 73
Cake\Routing\Middleware\RoutingMiddleware::process() - CORE\src\Routing\Middleware\RoutingMiddleware.php, line 160
Cake\Http\Runner::handle() - CORE\src\Http\Runner.php, line 73
Cake\Routing\Middleware\AssetMiddleware::process() - CORE\src\Routing\Middleware\AssetMiddleware.php, line 68
Cake\Http\Runner::handle() - CORE\src\Http\Runner.php, line 73
Cake\Error\Middleware\ErrorHandlerMiddleware::process() - CORE\src\Error\Middleware\ErrorHandlerMiddleware.php, line 119
Cake\Http\Runner::handle() - CORE\src\Http\Runner.php, line 73
DebugKit\Middleware\DebugKitMiddleware::process() - ROOT\vendor\cakephp\debug_kit\src\Middleware\DebugKitMiddleware.php, line 60
Cake\Http\Runner::handle() - CORE\src\Http\Runner.php, line 73
Cake\Http\Runner::run() - CORE\src\Http\Runner.php, line 58
Cake\Http\Server::run() - CORE\src\Http\Server.php, line 90
[main] - ROOT\webroot\index.php, line 40



2021-11-17 04:15:31 Notice: Notice (8): Undefined variable: imagen in [C:\xampp\htdocs\oven\aniphoria-merch\src\Controller\Admin\MerchandisingController.php, line 136]
Request URL: /admin/merchandising/add
Referer URL: http://localhost/oven/aniphoria-merch/admin/merchandising/add
Trace:
Cake\Error\BaseErrorHandler::handleError() - CORE\src\Error\BaseErrorHandler.php, line 188
DebugKit\Plugin::DebugKit\{closure}() - ROOT\vendor\cakephp\debug_kit\src\Plugin.php, line 105
App\Controller\Admin\MerchandisingController::constructData() - APP/Controller\Admin\MerchandisingController.php, line 136
App\Controller\Admin\MerchandisingController::add() - APP/Controller\Admin\MerchandisingController.php, line 56
Cake\Controller\Controller::invokeAction() - CORE\src\Controller\Controller.php, line 521
Cake\Controller\ControllerFactory::invoke() - CORE\src\Controller\ControllerFactory.php, line 79
Cake\Http\BaseApplication::handle() - CORE\src\Http\BaseApplication.php, line 229
Cake\Http\Runner::handle() - CORE\src\Http\Runner.php, line 77
Cake\Http\Middleware\BodyParserMiddleware::process() - CORE\src\Http\Middleware\BodyParserMiddleware.php, line 164
Cake\Http\Runner::handle() - CORE\src\Http\Runner.php, line 73
Cake\Routing\Middleware\RoutingMiddleware::process() - CORE\src\Routing\Middleware\RoutingMiddleware.php, line 160
Cake\Http\Runner::handle() - CORE\src\Http\Runner.php, line 73
Cake\Routing\Middleware\AssetMiddleware::process() - CORE\src\Routing\Middleware\AssetMiddleware.php, line 68
Cake\Http\Runner::handle() - CORE\src\Http\Runner.php, line 73
Cake\Error\Middleware\ErrorHandlerMiddleware::process() - CORE\src\Error\Middleware\ErrorHandlerMiddleware.php, line 119
Cake\Http\Runner::handle() - CORE\src\Http\Runner.php, line 73
DebugKit\Middleware\DebugKitMiddleware::process() - ROOT\vendor\cakephp\debug_kit\src\Middleware\DebugKitMiddleware.php, line 60
Cake\Http\Runner::handle() - CORE\src\Http\Runner.php, line 73
Cake\Http\Runner::run() - CORE\src\Http\Runner.php, line 58
Cake\Http\Server::run() - CORE\src\Http\Server.php, line 90
[main] - ROOT\webroot\index.php, line 40



2021-11-17 04:15:31 Notice: Notice (8): Undefined variable: imagen in [C:\xampp\htdocs\oven\aniphoria-merch\src\Controller\Admin\MerchandisingController.php, line 136]
Request URL: /admin/merchandising/add
Referer URL: http://localhost/oven/aniphoria-merch/admin/merchandising/add
Trace:
Cake\Error\BaseErrorHandler::handleError() - CORE\src\Error\BaseErrorHandler.php, line 188
DebugKit\Plugin::DebugKit\{closure}() - ROOT\vendor\cakephp\debug_kit\src\Plugin.php, line 105
App\Controller\Admin\MerchandisingController::constructData() - APP/Controller\Admin\MerchandisingController.php, line 136
App\Controller\Admin\MerchandisingController::add() - APP/Controller\Admin\MerchandisingController.php, line 56
Cake\Controller\Controller::invokeAction() - CORE\src\Controller\Controller.php, line 521
Cake\Controller\ControllerFactory::invoke() - CORE\src\Controller\ControllerFactory.php, line 79
Cake\Http\BaseApplication::handle() - CORE\src\Http\BaseApplication.php, line 229
Cake\Http\Runner::handle() - CORE\src\Http\Runner.php, line 77
Cake\Http\Middleware\BodyParserMiddleware::process() - CORE\src\Http\Middleware\BodyParserMiddleware.php, line 164
Cake\Http\Runner::handle() - CORE\src\Http\Runner.php, line 73
Cake\Routing\Middleware\RoutingMiddleware::process() - CORE\src\Routing\Middleware\RoutingMiddleware.php, line 160
Cake\Http\Runner::handle() - CORE\src\Http\Runner.php, line 73
Cake\Routing\Middleware\AssetMiddleware::process() - CORE\src\Routing\Middleware\AssetMiddleware.php, line 68
Cake\Http\Runner::handle() - CORE\src\Http\Runner.php, line 73
Cake\Error\Middleware\ErrorHandlerMiddleware::process() - CORE\src\Error\Middleware\ErrorHandlerMiddleware.php, line 119
Cake\Http\Runner::handle() - CORE\src\Http\Runner.php, line 73
DebugKit\Middleware\DebugKitMiddleware::process() - ROOT\vendor\cakephp\debug_kit\src\Middleware\DebugKitMiddleware.php, line 60
Cake\Http\Runner::handle() - CORE\src\Http\Runner.php, line 73
Cake\Http\Runner::run() - CORE\src\Http\Runner.php, line 58
Cake\Http\Server::run() - CORE\src\Http\Server.php, line 90
[main] - ROOT\webroot\index.php, line 40



2021-11-17 04:15:46 Notice: Notice (8): Undefined variable: imagen in [C:\xampp\htdocs\oven\aniphoria-merch\src\Controller\Admin\MerchandisingController.php, line 136]
Request URL: /admin/merchandising/add
Referer URL: http://localhost/oven/aniphoria-merch/admin/merchandising/add
Trace:
Cake\Error\BaseErrorHandler::handleError() - CORE\src\Error\BaseErrorHandler.php, line 188
DebugKit\Plugin::DebugKit\{closure}() - ROOT\vendor\cakephp\debug_kit\src\Plugin.php, line 105
App\Controller\Admin\MerchandisingController::constructData() - APP/Controller\Admin\MerchandisingController.php, line 136
App\Controller\Admin\MerchandisingController::add() - APP/Controller\Admin\MerchandisingController.php, line 56
Cake\Controller\Controller::invokeAction() - CORE\src\Controller\Controller.php, line 521
Cake\Controller\ControllerFactory::invoke() - CORE\src\Controller\ControllerFactory.php, line 79
Cake\Http\BaseApplication::handle() - CORE\src\Http\BaseApplication.php, line 229
Cake\Http\Runner::handle() - CORE\src\Http\Runner.php, line 77
Cake\Http\Middleware\BodyParserMiddleware::process() - CORE\src\Http\Middleware\BodyParserMiddleware.php, line 164
Cake\Http\Runner::handle() - CORE\src\Http\Runner.php, line 73
Cake\Routing\Middleware\RoutingMiddleware::process() - CORE\src\Routing\Middleware\RoutingMiddleware.php, line 160
Cake\Http\Runner::handle() - CORE\src\Http\Runner.php, line 73
Cake\Routing\Middleware\AssetMiddleware::process() - CORE\src\Routing\Middleware\AssetMiddleware.php, line 68
Cake\Http\Runner::handle() - CORE\src\Http\Runner.php, line 73
Cake\Error\Middleware\ErrorHandlerMiddleware::process() - CORE\src\Error\Middleware\ErrorHandlerMiddleware.php, line 119
Cake\Http\Runner::handle() - CORE\src\Http\Runner.php, line 73
DebugKit\Middleware\DebugKitMiddleware::process() - ROOT\vendor\cakephp\debug_kit\src\Middleware\DebugKitMiddleware.php, line 60
Cake\Http\Runner::handle() - CORE\src\Http\Runner.php, line 73
Cake\Http\Runner::run() - CORE\src\Http\Runner.php, line 58
Cake\Http\Server::run() - CORE\src\Http\Server.php, line 90
[main] - ROOT\webroot\index.php, line 40



2021-11-17 04:15:46 Notice: Notice (8): Undefined variable: imagen in [C:\xampp\htdocs\oven\aniphoria-merch\src\Controller\Admin\MerchandisingController.php, line 136]
Request URL: /admin/merchandising/add
Referer URL: http://localhost/oven/aniphoria-merch/admin/merchandising/add
Trace:
Cake\Error\BaseErrorHandler::handleError() - CORE\src\Error\BaseErrorHandler.php, line 188
DebugKit\Plugin::DebugKit\{closure}() - ROOT\vendor\cakephp\debug_kit\src\Plugin.php, line 105
App\Controller\Admin\MerchandisingController::constructData() - APP/Controller\Admin\MerchandisingController.php, line 136
App\Controller\Admin\MerchandisingController::add() - APP/Controller\Admin\MerchandisingController.php, line 56
Cake\Controller\Controller::invokeAction() - CORE\src\Controller\Controller.php, line 521
Cake\Controller\ControllerFactory::invoke() - CORE\src\Controller\ControllerFactory.php, line 79
Cake\Http\BaseApplication::handle() - CORE\src\Http\BaseApplication.php, line 229
Cake\Http\Runner::handle() - CORE\src\Http\Runner.php, line 77
Cake\Http\Middleware\BodyParserMiddleware::process() - CORE\src\Http\Middleware\BodyParserMiddleware.php, line 164
Cake\Http\Runner::handle() - CORE\src\Http\Runner.php, line 73
Cake\Routing\Middleware\RoutingMiddleware::process() - CORE\src\Routing\Middleware\RoutingMiddleware.php, line 160
Cake\Http\Runner::handle() - CORE\src\Http\Runner.php, line 73
Cake\Routing\Middleware\AssetMiddleware::process() - CORE\src\Routing\Middleware\AssetMiddleware.php, line 68
Cake\Http\Runner::handle() - CORE\src\Http\Runner.php, line 73
Cake\Error\Middleware\ErrorHandlerMiddleware::process() - CORE\src\Error\Middleware\ErrorHandlerMiddleware.php, line 119
Cake\Http\Runner::handle() - CORE\src\Http\Runner.php, line 73
DebugKit\Middleware\DebugKitMiddleware::process() - ROOT\vendor\cakephp\debug_kit\src\Middleware\DebugKitMiddleware.php, line 60
Cake\Http\Runner::handle() - CORE\src\Http\Runner.php, line 73
Cake\Http\Runner::run() - CORE\src\Http\Runner.php, line 58
Cake\Http\Server::run() - CORE\src\Http\Server.php, line 90
[main] - ROOT\webroot\index.php, line 40



2021-11-17 04:15:46 Notice: Notice (8): Undefined variable: imagen in [C:\xampp\htdocs\oven\aniphoria-merch\src\Controller\Admin\MerchandisingController.php, line 136]
Request URL: /admin/merchandising/add
Referer URL: http://localhost/oven/aniphoria-merch/admin/merchandising/add
Trace:
Cake\Error\BaseErrorHandler::handleError() - CORE\src\Error\BaseErrorHandler.php, line 188
DebugKit\Plugin::DebugKit\{closure}() - ROOT\vendor\cakephp\debug_kit\src\Plugin.php, line 105
App\Controller\Admin\MerchandisingController::constructData() - APP/Controller\Admin\MerchandisingController.php, line 136
App\Controller\Admin\MerchandisingController::add() - APP/Controller\Admin\MerchandisingController.php, line 56
Cake\Controller\Controller::invokeAction() - CORE\src\Controller\Controller.php, line 521
Cake\Controller\ControllerFactory::invoke() - CORE\src\Controller\ControllerFactory.php, line 79
Cake\Http\BaseApplication::handle() - CORE\src\Http\BaseApplication.php, line 229
Cake\Http\Runner::handle() - CORE\src\Http\Runner.php, line 77
Cake\Http\Middleware\BodyParserMiddleware::process() - CORE\src\Http\Middleware\BodyParserMiddleware.php, line 164
Cake\Http\Runner::handle() - CORE\src\Http\Runner.php, line 73
Cake\Routing\Middleware\RoutingMiddleware::process() - CORE\src\Routing\Middleware\RoutingMiddleware.php, line 160
Cake\Http\Runner::handle() - CORE\src\Http\Runner.php, line 73
Cake\Routing\Middleware\AssetMiddleware::process() - CORE\src\Routing\Middleware\AssetMiddleware.php, line 68
Cake\Http\Runner::handle() - CORE\src\Http\Runner.php, line 73
Cake\Error\Middleware\ErrorHandlerMiddleware::process() - CORE\src\Error\Middleware\ErrorHandlerMiddleware.php, line 119
Cake\Http\Runner::handle() - CORE\src\Http\Runner.php, line 73
DebugKit\Middleware\DebugKitMiddleware::process() - ROOT\vendor\cakephp\debug_kit\src\Middleware\DebugKitMiddleware.php, line 60
Cake\Http\Runner::handle() - CORE\src\Http\Runner.php, line 73
Cake\Http\Runner::run() - CORE\src\Http\Runner.php, line 58
Cake\Http\Server::run() - CORE\src\Http\Server.php, line 90
[main] - ROOT\webroot\index.php, line 40



2021-11-17 05:26:25 Notice: Notice (8): Undefined variable: name in [C:\xampp\htdocs\oven\aniphoria-merch\src\Controller\Admin\MerchandisingController.php, line 121]
Request URL: /admin/merchandising/add
Referer URL: http://localhost/oven/aniphoria-merch/admin/merchandising/add
Trace:
Cake\Error\BaseErrorHandler::handleError() - CORE\src\Error\BaseErrorHandler.php, line 188
DebugKit\Plugin::DebugKit\{closure}() - ROOT\vendor\cakephp\debug_kit\src\Plugin.php, line 105
App\Controller\Admin\MerchandisingController::addImages() - APP/Controller\Admin\MerchandisingController.php, line 121
App\Controller\Admin\MerchandisingController::add() - APP/Controller\Admin\MerchandisingController.php, line 61
Cake\Controller\Controller::invokeAction() - CORE\src\Controller\Controller.php, line 521
Cake\Controller\ControllerFactory::invoke() - CORE\src\Controller\ControllerFactory.php, line 79
Cake\Http\BaseApplication::handle() - CORE\src\Http\BaseApplication.php, line 229
Cake\Http\Runner::handle() - CORE\src\Http\Runner.php, line 77
Cake\Http\Middleware\BodyParserMiddleware::process() - CORE\src\Http\Middleware\BodyParserMiddleware.php, line 164
Cake\Http\Runner::handle() - CORE\src\Http\Runner.php, line 73
Cake\Routing\Middleware\RoutingMiddleware::process() - CORE\src\Routing\Middleware\RoutingMiddleware.php, line 160
Cake\Http\Runner::handle() - CORE\src\Http\Runner.php, line 73
Cake\Routing\Middleware\AssetMiddleware::process() - CORE\src\Routing\Middleware\AssetMiddleware.php, line 68
Cake\Http\Runner::handle() - CORE\src\Http\Runner.php, line 73
Cake\Error\Middleware\ErrorHandlerMiddleware::process() - CORE\src\Error\Middleware\ErrorHandlerMiddleware.php, line 119
Cake\Http\Runner::handle() - CORE\src\Http\Runner.php, line 73
DebugKit\Middleware\DebugKitMiddleware::process() - ROOT\vendor\cakephp\debug_kit\src\Middleware\DebugKitMiddleware.php, line 60
Cake\Http\Runner::handle() - CORE\src\Http\Runner.php, line 73
Cake\Http\Runner::run() - CORE\src\Http\Runner.php, line 58
Cake\Http\Server::run() - CORE\src\Http\Server.php, line 90
[main] - ROOT\webroot\index.php, line 40



2021-11-17 07:43:09 Notice: Notice (8): Undefined variable: images in [C:\xampp\htdocs\oven\aniphoria-merch\src\Controller\Admin\MerchandisingController.php, line 110]
Request URL: /admin/merchandising/delete/55
Referer URL: http://localhost/oven/aniphoria-merch/admin/merch
Trace:
Cake\Error\BaseErrorHandler::handleError() - CORE\src\Error\BaseErrorHandler.php, line 188
DebugKit\Plugin::DebugKit\{closure}() - ROOT\vendor\cakephp\debug_kit\src\Plugin.php, line 105
App\Controller\Admin\MerchandisingController::delete() - APP/Controller\Admin\MerchandisingController.php, line 110
Cake\Controller\Controller::invokeAction() - CORE\src\Controller\Controller.php, line 521
Cake\Controller\ControllerFactory::invoke() - CORE\src\Controller\ControllerFactory.php, line 79
Cake\Http\BaseApplication::handle() - CORE\src\Http\BaseApplication.php, line 229
Cake\Http\Runner::handle() - CORE\src\Http\Runner.php, line 77
Cake\Http\Middleware\BodyParserMiddleware::process() - CORE\src\Http\Middleware\BodyParserMiddleware.php, line 164
Cake\Http\Runner::handle() - CORE\src\Http\Runner.php, line 73
Cake\Routing\Middleware\RoutingMiddleware::process() - CORE\src\Routing\Middleware\RoutingMiddleware.php, line 160
Cake\Http\Runner::handle() - CORE\src\Http\Runner.php, line 73
Cake\Routing\Middleware\AssetMiddleware::process() - CORE\src\Routing\Middleware\AssetMiddleware.php, line 68
Cake\Http\Runner::handle() - CORE\src\Http\Runner.php, line 73
Cake\Error\Middleware\ErrorHandlerMiddleware::process() - CORE\src\Error\Middleware\ErrorHandlerMiddleware.php, line 119
Cake\Http\Runner::handle() - CORE\src\Http\Runner.php, line 73
DebugKit\Middleware\DebugKitMiddleware::process() - ROOT\vendor\cakephp\debug_kit\src\Middleware\DebugKitMiddleware.php, line 60
Cake\Http\Runner::handle() - CORE\src\Http\Runner.php, line 73
Cake\Http\Runner::run() - CORE\src\Http\Runner.php, line 58
Cake\Http\Server::run() - CORE\src\Http\Server.php, line 90
[main] - ROOT\webroot\index.php, line 40



2021-11-17 08:01:48 Notice: Notice (8): Undefined variable: image in [C:\xampp\htdocs\oven\aniphoria-merch\src\Controller\Admin\ImagenController.php, line 107]
Request URL: /admin/imagen/delete/58
Referer URL: http://localhost/oven/aniphoria-merch/admin/merchandising/view/57
Trace:
Cake\Error\BaseErrorHandler::handleError() - CORE\src\Error\BaseErrorHandler.php, line 188
DebugKit\Plugin::DebugKit\{closure}() - ROOT\vendor\cakephp\debug_kit\src\Plugin.php, line 105
App\Controller\Admin\ImagenController::delete() - APP/Controller\Admin\ImagenController.php, line 107
Cake\Controller\Controller::invokeAction() - CORE\src\Controller\Controller.php, line 521
Cake\Controller\ControllerFactory::invoke() - CORE\src\Controller\ControllerFactory.php, line 79
Cake\Http\BaseApplication::handle() - CORE\src\Http\BaseApplication.php, line 229
Cake\Http\Runner::handle() - CORE\src\Http\Runner.php, line 77
Cake\Http\Middleware\BodyParserMiddleware::process() - CORE\src\Http\Middleware\BodyParserMiddleware.php, line 164
Cake\Http\Runner::handle() - CORE\src\Http\Runner.php, line 73
Cake\Routing\Middleware\RoutingMiddleware::process() - CORE\src\Routing\Middleware\RoutingMiddleware.php, line 160
Cake\Http\Runner::handle() - CORE\src\Http\Runner.php, line 73
Cake\Routing\Middleware\AssetMiddleware::process() - CORE\src\Routing\Middleware\AssetMiddleware.php, line 68
Cake\Http\Runner::handle() - CORE\src\Http\Runner.php, line 73
Cake\Error\Middleware\ErrorHandlerMiddleware::process() - CORE\src\Error\Middleware\ErrorHandlerMiddleware.php, line 119
Cake\Http\Runner::handle() - CORE\src\Http\Runner.php, line 73
DebugKit\Middleware\DebugKitMiddleware::process() - ROOT\vendor\cakephp\debug_kit\src\Middleware\DebugKitMiddleware.php, line 60
Cake\Http\Runner::handle() - CORE\src\Http\Runner.php, line 73
Cake\Http\Runner::run() - CORE\src\Http\Runner.php, line 58
Cake\Http\Server::run() - CORE\src\Http\Server.php, line 90
[main] - ROOT\webroot\index.php, line 40



2021-11-17 08:04:21 Notice: Notice (8): Undefined variable: image in [C:\xampp\htdocs\oven\aniphoria-merch\src\Controller\Admin\ImagenController.php, line 107]
Request URL: /admin/imagen/delete/59
Referer URL: http://localhost/oven/aniphoria-merch/admin/merchandising/view/57
Trace:
Cake\Error\BaseErrorHandler::handleError() - CORE\src\Error\BaseErrorHandler.php, line 188
DebugKit\Plugin::DebugKit\{closure}() - ROOT\vendor\cakephp\debug_kit\src\Plugin.php, line 105
App\Controller\Admin\ImagenController::delete() - APP/Controller\Admin\ImagenController.php, line 107
Cake\Controller\Controller::invokeAction() - CORE\src\Controller\Controller.php, line 521
Cake\Controller\ControllerFactory::invoke() - CORE\src\Controller\ControllerFactory.php, line 79
Cake\Http\BaseApplication::handle() - CORE\src\Http\BaseApplication.php, line 229
Cake\Http\Runner::handle() - CORE\src\Http\Runner.php, line 77
Cake\Http\Middleware\BodyParserMiddleware::process() - CORE\src\Http\Middleware\BodyParserMiddleware.php, line 164
Cake\Http\Runner::handle() - CORE\src\Http\Runner.php, line 73
Cake\Routing\Middleware\RoutingMiddleware::process() - CORE\src\Routing\Middleware\RoutingMiddleware.php, line 160
Cake\Http\Runner::handle() - CORE\src\Http\Runner.php, line 73
Cake\Routing\Middleware\AssetMiddleware::process() - CORE\src\Routing\Middleware\AssetMiddleware.php, line 68
Cake\Http\Runner::handle() - CORE\src\Http\Runner.php, line 73
Cake\Error\Middleware\ErrorHandlerMiddleware::process() - CORE\src\Error\Middleware\ErrorHandlerMiddleware.php, line 119
Cake\Http\Runner::handle() - CORE\src\Http\Runner.php, line 73
DebugKit\Middleware\DebugKitMiddleware::process() - ROOT\vendor\cakephp\debug_kit\src\Middleware\DebugKitMiddleware.php, line 60
Cake\Http\Runner::handle() - CORE\src\Http\Runner.php, line 73
Cake\Http\Runner::run() - CORE\src\Http\Runner.php, line 58
Cake\Http\Server::run() - CORE\src\Http\Server.php, line 90
[main] - ROOT\webroot\index.php, line 40



2021-11-17 23:52:21 Notice: Notice (8): Undefined variable: imagen in [C:\xampp\htdocs\oven\aniphoria-merch\src\Controller\Admin\AdministradorController.php, line 115]
Request URL: /admin/administrador/add
Referer URL: http://localhost/oven/aniphoria-merch/admin/administrador/add
Trace:
Cake\Error\BaseErrorHandler::handleError() - CORE\src\Error\BaseErrorHandler.php, line 188
DebugKit\Plugin::DebugKit\{closure}() - ROOT\vendor\cakephp\debug_kit\src\Plugin.php, line 105
App\Controller\Admin\AdministradorController::addPhoto() - APP/Controller\Admin\AdministradorController.php, line 115
App\Controller\Admin\AdministradorController::add() - APP/Controller\Admin\AdministradorController.php, line 56
Cake\Controller\Controller::invokeAction() - CORE\src\Controller\Controller.php, line 521
Cake\Controller\ControllerFactory::invoke() - CORE\src\Controller\ControllerFactory.php, line 79
Cake\Http\BaseApplication::handle() - CORE\src\Http\BaseApplication.php, line 229
Cake\Http\Runner::handle() - CORE\src\Http\Runner.php, line 77
Cake\Http\Middleware\BodyParserMiddleware::process() - CORE\src\Http\Middleware\BodyParserMiddleware.php, line 164
Cake\Http\Runner::handle() - CORE\src\Http\Runner.php, line 73
Cake\Routing\Middleware\RoutingMiddleware::process() - CORE\src\Routing\Middleware\RoutingMiddleware.php, line 160
Cake\Http\Runner::handle() - CORE\src\Http\Runner.php, line 73
Cake\Routing\Middleware\AssetMiddleware::process() - CORE\src\Routing\Middleware\AssetMiddleware.php, line 68
Cake\Http\Runner::handle() - CORE\src\Http\Runner.php, line 73
Cake\Error\Middleware\ErrorHandlerMiddleware::process() - CORE\src\Error\Middleware\ErrorHandlerMiddleware.php, line 119
Cake\Http\Runner::handle() - CORE\src\Http\Runner.php, line 73
DebugKit\Middleware\DebugKitMiddleware::process() - ROOT\vendor\cakephp\debug_kit\src\Middleware\DebugKitMiddleware.php, line 60
Cake\Http\Runner::handle() - CORE\src\Http\Runner.php, line 73
Cake\Http\Runner::run() - CORE\src\Http\Runner.php, line 58
Cake\Http\Server::run() - CORE\src\Http\Server.php, line 90
[main] - ROOT\webroot\index.php, line 40



2021-11-20 23:05:13 Notice: Notice (8): Undefined index: nombre in [C:\xampp\htdocs\oven\aniphoria-merch\src\Controller\Admin\MerchandisingController.php, line 111]
Request URL: /admin/merchandising/delete/65
Referer URL: http://localhost/oven/aniphoria-merch/admin/merch
Trace:
Cake\Error\BaseErrorHandler::handleError() - CORE\src\Error\BaseErrorHandler.php, line 188
DebugKit\Plugin::DebugKit\{closure}() - ROOT\vendor\cakephp\debug_kit\src\Plugin.php, line 105
App\Controller\Admin\MerchandisingController::delete() - APP/Controller\Admin\MerchandisingController.php, line 111
Cake\Controller\Controller::invokeAction() - CORE\src\Controller\Controller.php, line 521
Cake\Controller\ControllerFactory::invoke() - CORE\src\Controller\ControllerFactory.php, line 79
Cake\Http\BaseApplication::handle() - CORE\src\Http\BaseApplication.php, line 229
Cake\Http\Runner::handle() - CORE\src\Http\Runner.php, line 77
Cake\Http\Middleware\BodyParserMiddleware::process() - CORE\src\Http\Middleware\BodyParserMiddleware.php, line 164
Cake\Http\Runner::handle() - CORE\src\Http\Runner.php, line 73
Cake\Routing\Middleware\RoutingMiddleware::process() - CORE\src\Routing\Middleware\RoutingMiddleware.php, line 160
Cake\Http\Runner::handle() - CORE\src\Http\Runner.php, line 73
Cake\Routing\Middleware\AssetMiddleware::process() - CORE\src\Routing\Middleware\AssetMiddleware.php, line 68
Cake\Http\Runner::handle() - CORE\src\Http\Runner.php, line 73
Cake\Error\Middleware\ErrorHandlerMiddleware::process() - CORE\src\Error\Middleware\ErrorHandlerMiddleware.php, line 119
Cake\Http\Runner::handle() - CORE\src\Http\Runner.php, line 73
DebugKit\Middleware\DebugKitMiddleware::process() - ROOT\vendor\cakephp\debug_kit\src\Middleware\DebugKitMiddleware.php, line 60
Cake\Http\Runner::handle() - CORE\src\Http\Runner.php, line 73
Cake\Http\Runner::run() - CORE\src\Http\Runner.php, line 58
Cake\Http\Server::run() - CORE\src\Http\Server.php, line 90
[main] - ROOT\webroot\index.php, line 40



2021-11-20 23:05:13 Notice: Notice (8): Undefined index: nombre in [C:\xampp\htdocs\oven\aniphoria-merch\src\Controller\Admin\MerchandisingController.php, line 111]
Request URL: /admin/merchandising/delete/65
Referer URL: http://localhost/oven/aniphoria-merch/admin/merch
Trace:
Cake\Error\BaseErrorHandler::handleError() - CORE\src\Error\BaseErrorHandler.php, line 188
DebugKit\Plugin::DebugKit\{closure}() - ROOT\vendor\cakephp\debug_kit\src\Plugin.php, line 105
App\Controller\Admin\MerchandisingController::delete() - APP/Controller\Admin\MerchandisingController.php, line 111
Cake\Controller\Controller::invokeAction() - CORE\src\Controller\Controller.php, line 521
Cake\Controller\ControllerFactory::invoke() - CORE\src\Controller\ControllerFactory.php, line 79
Cake\Http\BaseApplication::handle() - CORE\src\Http\BaseApplication.php, line 229
Cake\Http\Runner::handle() - CORE\src\Http\Runner.php, line 77
Cake\Http\Middleware\BodyParserMiddleware::process() - CORE\src\Http\Middleware\BodyParserMiddleware.php, line 164
Cake\Http\Runner::handle() - CORE\src\Http\Runner.php, line 73
Cake\Routing\Middleware\RoutingMiddleware::process() - CORE\src\Routing\Middleware\RoutingMiddleware.php, line 160
Cake\Http\Runner::handle() - CORE\src\Http\Runner.php, line 73
Cake\Routing\Middleware\AssetMiddleware::process() - CORE\src\Routing\Middleware\AssetMiddleware.php, line 68
Cake\Http\Runner::handle() - CORE\src\Http\Runner.php, line 73
Cake\Error\Middleware\ErrorHandlerMiddleware::process() - CORE\src\Error\Middleware\ErrorHandlerMiddleware.php, line 119
Cake\Http\Runner::handle() - CORE\src\Http\Runner.php, line 73
DebugKit\Middleware\DebugKitMiddleware::process() - ROOT\vendor\cakephp\debug_kit\src\Middleware\DebugKitMiddleware.php, line 60
Cake\Http\Runner::handle() - CORE\src\Http\Runner.php, line 73
Cake\Http\Runner::run() - CORE\src\Http\Runner.php, line 58
Cake\Http\Server::run() - CORE\src\Http\Server.php, line 90
[main] - ROOT\webroot\index.php, line 40



2021-11-20 23:05:13 Notice: Notice (8): Undefined index: nombre in [C:\xampp\htdocs\oven\aniphoria-merch\src\Controller\Admin\MerchandisingController.php, line 111]
Request URL: /admin/merchandising/delete/65
Referer URL: http://localhost/oven/aniphoria-merch/admin/merch
Trace:
Cake\Error\BaseErrorHandler::handleError() - CORE\src\Error\BaseErrorHandler.php, line 188
DebugKit\Plugin::DebugKit\{closure}() - ROOT\vendor\cakephp\debug_kit\src\Plugin.php, line 105
App\Controller\Admin\MerchandisingController::delete() - APP/Controller\Admin\MerchandisingController.php, line 111
Cake\Controller\Controller::invokeAction() - CORE\src\Controller\Controller.php, line 521
Cake\Controller\ControllerFactory::invoke() - CORE\src\Controller\ControllerFactory.php, line 79
Cake\Http\BaseApplication::handle() - CORE\src\Http\BaseApplication.php, line 229
Cake\Http\Runner::handle() - CORE\src\Http\Runner.php, line 77
Cake\Http\Middleware\BodyParserMiddleware::process() - CORE\src\Http\Middleware\BodyParserMiddleware.php, line 164
Cake\Http\Runner::handle() - CORE\src\Http\Runner.php, line 73
Cake\Routing\Middleware\RoutingMiddleware::process() - CORE\src\Routing\Middleware\RoutingMiddleware.php, line 160
Cake\Http\Runner::handle() - CORE\src\Http\Runner.php, line 73
Cake\Routing\Middleware\AssetMiddleware::process() - CORE\src\Routing\Middleware\AssetMiddleware.php, line 68
Cake\Http\Runner::handle() - CORE\src\Http\Runner.php, line 73
Cake\Error\Middleware\ErrorHandlerMiddleware::process() - CORE\src\Error\Middleware\ErrorHandlerMiddleware.php, line 119
Cake\Http\Runner::handle() - CORE\src\Http\Runner.php, line 73
DebugKit\Middleware\DebugKitMiddleware::process() - ROOT\vendor\cakephp\debug_kit\src\Middleware\DebugKitMiddleware.php, line 60
Cake\Http\Runner::handle() - CORE\src\Http\Runner.php, line 73
Cake\Http\Runner::run() - CORE\src\Http\Runner.php, line 58
Cake\Http\Server::run() - CORE\src\Http\Server.php, line 90
[main] - ROOT\webroot\index.php, line 40



2021-11-20 23:09:40 Notice: Notice (8): Undefined index: nombre in [C:\xampp\htdocs\oven\aniphoria-merch\src\Controller\Admin\MerchandisingController.php, line 115]
Request URL: /admin/merchandising/delete/66
Referer URL: http://localhost/oven/aniphoria-merch/admin/merch
Trace:
Cake\Error\BaseErrorHandler::handleError() - CORE\src\Error\BaseErrorHandler.php, line 188
DebugKit\Plugin::DebugKit\{closure}() - ROOT\vendor\cakephp\debug_kit\src\Plugin.php, line 105
App\Controller\Admin\MerchandisingController::delete() - APP/Controller\Admin\MerchandisingController.php, line 115
Cake\Controller\Controller::invokeAction() - CORE\src\Controller\Controller.php, line 521
Cake\Controller\ControllerFactory::invoke() - CORE\src\Controller\ControllerFactory.php, line 79
Cake\Http\BaseApplication::handle() - CORE\src\Http\BaseApplication.php, line 229
Cake\Http\Runner::handle() - CORE\src\Http\Runner.php, line 77
Cake\Http\Middleware\BodyParserMiddleware::process() - CORE\src\Http\Middleware\BodyParserMiddleware.php, line 164
Cake\Http\Runner::handle() - CORE\src\Http\Runner.php, line 73
Cake\Routing\Middleware\RoutingMiddleware::process() - CORE\src\Routing\Middleware\RoutingMiddleware.php, line 160
Cake\Http\Runner::handle() - CORE\src\Http\Runner.php, line 73
Cake\Routing\Middleware\AssetMiddleware::process() - CORE\src\Routing\Middleware\AssetMiddleware.php, line 68
Cake\Http\Runner::handle() - CORE\src\Http\Runner.php, line 73
Cake\Error\Middleware\ErrorHandlerMiddleware::process() - CORE\src\Error\Middleware\ErrorHandlerMiddleware.php, line 119
Cake\Http\Runner::handle() - CORE\src\Http\Runner.php, line 73
DebugKit\Middleware\DebugKitMiddleware::process() - ROOT\vendor\cakephp\debug_kit\src\Middleware\DebugKitMiddleware.php, line 60
Cake\Http\Runner::handle() - CORE\src\Http\Runner.php, line 73
Cake\Http\Runner::run() - CORE\src\Http\Runner.php, line 58
Cake\Http\Server::run() - CORE\src\Http\Server.php, line 90
[main] - ROOT\webroot\index.php, line 40



2021-11-20 23:09:40 Notice: Notice (8): Undefined index: nombre in [C:\xampp\htdocs\oven\aniphoria-merch\src\Controller\Admin\MerchandisingController.php, line 115]
Request URL: /admin/merchandising/delete/66
Referer URL: http://localhost/oven/aniphoria-merch/admin/merch
Trace:
Cake\Error\BaseErrorHandler::handleError() - CORE\src\Error\BaseErrorHandler.php, line 188
DebugKit\Plugin::DebugKit\{closure}() - ROOT\vendor\cakephp\debug_kit\src\Plugin.php, line 105
App\Controller\Admin\MerchandisingController::delete() - APP/Controller\Admin\MerchandisingController.php, line 115
Cake\Controller\Controller::invokeAction() - CORE\src\Controller\Controller.php, line 521
Cake\Controller\ControllerFactory::invoke() - CORE\src\Controller\ControllerFactory.php, line 79
Cake\Http\BaseApplication::handle() - CORE\src\Http\BaseApplication.php, line 229
Cake\Http\Runner::handle() - CORE\src\Http\Runner.php, line 77
Cake\Http\Middleware\BodyParserMiddleware::process() - CORE\src\Http\Middleware\BodyParserMiddleware.php, line 164
Cake\Http\Runner::handle() - CORE\src\Http\Runner.php, line 73
Cake\Routing\Middleware\RoutingMiddleware::process() - CORE\src\Routing\Middleware\RoutingMiddleware.php, line 160
Cake\Http\Runner::handle() - CORE\src\Http\Runner.php, line 73
Cake\Routing\Middleware\AssetMiddleware::process() - CORE\src\Routing\Middleware\AssetMiddleware.php, line 68
Cake\Http\Runner::handle() - CORE\src\Http\Runner.php, line 73
Cake\Error\Middleware\ErrorHandlerMiddleware::process() - CORE\src\Error\Middleware\ErrorHandlerMiddleware.php, line 119
Cake\Http\Runner::handle() - CORE\src\Http\Runner.php, line 73
DebugKit\Middleware\DebugKitMiddleware::process() - ROOT\vendor\cakephp\debug_kit\src\Middleware\DebugKitMiddleware.php, line 60
Cake\Http\Runner::handle() - CORE\src\Http\Runner.php, line 73
Cake\Http\Runner::run() - CORE\src\Http\Runner.php, line 58
Cake\Http\Server::run() - CORE\src\Http\Server.php, line 90
[main] - ROOT\webroot\index.php, line 40



2021-11-20 23:09:40 Notice: Notice (8): Undefined index: nombre in [C:\xampp\htdocs\oven\aniphoria-merch\src\Controller\Admin\MerchandisingController.php, line 115]
Request URL: /admin/merchandising/delete/66
Referer URL: http://localhost/oven/aniphoria-merch/admin/merch
Trace:
Cake\Error\BaseErrorHandler::handleError() - CORE\src\Error\BaseErrorHandler.php, line 188
DebugKit\Plugin::DebugKit\{closure}() - ROOT\vendor\cakephp\debug_kit\src\Plugin.php, line 105
App\Controller\Admin\MerchandisingController::delete() - APP/Controller\Admin\MerchandisingController.php, line 115
Cake\Controller\Controller::invokeAction() - CORE\src\Controller\Controller.php, line 521
Cake\Controller\ControllerFactory::invoke() - CORE\src\Controller\ControllerFactory.php, line 79
Cake\Http\BaseApplication::handle() - CORE\src\Http\BaseApplication.php, line 229
Cake\Http\Runner::handle() - CORE\src\Http\Runner.php, line 77
Cake\Http\Middleware\BodyParserMiddleware::process() - CORE\src\Http\Middleware\BodyParserMiddleware.php, line 164
Cake\Http\Runner::handle() - CORE\src\Http\Runner.php, line 73
Cake\Routing\Middleware\RoutingMiddleware::process() - CORE\src\Routing\Middleware\RoutingMiddleware.php, line 160
Cake\Http\Runner::handle() - CORE\src\Http\Runner.php, line 73
Cake\Routing\Middleware\AssetMiddleware::process() - CORE\src\Routing\Middleware\AssetMiddleware.php, line 68
Cake\Http\Runner::handle() - CORE\src\Http\Runner.php, line 73
Cake\Error\Middleware\ErrorHandlerMiddleware::process() - CORE\src\Error\Middleware\ErrorHandlerMiddleware.php, line 119
Cake\Http\Runner::handle() - CORE\src\Http\Runner.php, line 73
DebugKit\Middleware\DebugKitMiddleware::process() - ROOT\vendor\cakephp\debug_kit\src\Middleware\DebugKitMiddleware.php, line 60
Cake\Http\Runner::handle() - CORE\src\Http\Runner.php, line 73
Cake\Http\Runner::run() - CORE\src\Http\Runner.php, line 58
Cake\Http\Server::run() - CORE\src\Http\Server.php, line 90
[main] - ROOT\webroot\index.php, line 40



2021-11-20 23:11:00 Notice: Notice (8): Undefined index: nombre in [C:\xampp\htdocs\oven\aniphoria-merch\src\Controller\Admin\MerchandisingController.php, line 115]
Request URL: /admin/merchandising/delete/67
Referer URL: http://localhost/oven/aniphoria-merch/admin/merch
Trace:
Cake\Error\BaseErrorHandler::handleError() - CORE\src\Error\BaseErrorHandler.php, line 188
DebugKit\Plugin::DebugKit\{closure}() - ROOT\vendor\cakephp\debug_kit\src\Plugin.php, line 105
App\Controller\Admin\MerchandisingController::delete() - APP/Controller\Admin\MerchandisingController.php, line 115
Cake\Controller\Controller::invokeAction() - CORE\src\Controller\Controller.php, line 521
Cake\Controller\ControllerFactory::invoke() - CORE\src\Controller\ControllerFactory.php, line 79
Cake\Http\BaseApplication::handle() - CORE\src\Http\BaseApplication.php, line 229
Cake\Http\Runner::handle() - CORE\src\Http\Runner.php, line 77
Cake\Http\Middleware\BodyParserMiddleware::process() - CORE\src\Http\Middleware\BodyParserMiddleware.php, line 164
Cake\Http\Runner::handle() - CORE\src\Http\Runner.php, line 73
Cake\Routing\Middleware\RoutingMiddleware::process() - CORE\src\Routing\Middleware\RoutingMiddleware.php, line 160
Cake\Http\Runner::handle() - CORE\src\Http\Runner.php, line 73
Cake\Routing\Middleware\AssetMiddleware::process() - CORE\src\Routing\Middleware\AssetMiddleware.php, line 68
Cake\Http\Runner::handle() - CORE\src\Http\Runner.php, line 73
Cake\Error\Middleware\ErrorHandlerMiddleware::process() - CORE\src\Error\Middleware\ErrorHandlerMiddleware.php, line 119
Cake\Http\Runner::handle() - CORE\src\Http\Runner.php, line 73
DebugKit\Middleware\DebugKitMiddleware::process() - ROOT\vendor\cakephp\debug_kit\src\Middleware\DebugKitMiddleware.php, line 60
Cake\Http\Runner::handle() - CORE\src\Http\Runner.php, line 73
Cake\Http\Runner::run() - CORE\src\Http\Runner.php, line 58
Cake\Http\Server::run() - CORE\src\Http\Server.php, line 90
[main] - ROOT\webroot\index.php, line 40



2021-11-20 23:11:00 Notice: Notice (8): Undefined index: nombre in [C:\xampp\htdocs\oven\aniphoria-merch\src\Controller\Admin\MerchandisingController.php, line 115]
Request URL: /admin/merchandising/delete/67
Referer URL: http://localhost/oven/aniphoria-merch/admin/merch
Trace:
Cake\Error\BaseErrorHandler::handleError() - CORE\src\Error\BaseErrorHandler.php, line 188
DebugKit\Plugin::DebugKit\{closure}() - ROOT\vendor\cakephp\debug_kit\src\Plugin.php, line 105
App\Controller\Admin\MerchandisingController::delete() - APP/Controller\Admin\MerchandisingController.php, line 115
Cake\Controller\Controller::invokeAction() - CORE\src\Controller\Controller.php, line 521
Cake\Controller\ControllerFactory::invoke() - CORE\src\Controller\ControllerFactory.php, line 79
Cake\Http\BaseApplication::handle() - CORE\src\Http\BaseApplication.php, line 229
Cake\Http\Runner::handle() - CORE\src\Http\Runner.php, line 77
Cake\Http\Middleware\BodyParserMiddleware::process() - CORE\src\Http\Middleware\BodyParserMiddleware.php, line 164
Cake\Http\Runner::handle() - CORE\src\Http\Runner.php, line 73
Cake\Routing\Middleware\RoutingMiddleware::process() - CORE\src\Routing\Middleware\RoutingMiddleware.php, line 160
Cake\Http\Runner::handle() - CORE\src\Http\Runner.php, line 73
Cake\Routing\Middleware\AssetMiddleware::process() - CORE\src\Routing\Middleware\AssetMiddleware.php, line 68
Cake\Http\Runner::handle() - CORE\src\Http\Runner.php, line 73
Cake\Error\Middleware\ErrorHandlerMiddleware::process() - CORE\src\Error\Middleware\ErrorHandlerMiddleware.php, line 119
Cake\Http\Runner::handle() - CORE\src\Http\Runner.php, line 73
DebugKit\Middleware\DebugKitMiddleware::process() - ROOT\vendor\cakephp\debug_kit\src\Middleware\DebugKitMiddleware.php, line 60
Cake\Http\Runner::handle() - CORE\src\Http\Runner.php, line 73
Cake\Http\Runner::run() - CORE\src\Http\Runner.php, line 58
Cake\Http\Server::run() - CORE\src\Http\Server.php, line 90
[main] - ROOT\webroot\index.php, line 40



2021-11-20 23:11:00 Notice: Notice (8): Undefined index: nombre in [C:\xampp\htdocs\oven\aniphoria-merch\src\Controller\Admin\MerchandisingController.php, line 115]
Request URL: /admin/merchandising/delete/67
Referer URL: http://localhost/oven/aniphoria-merch/admin/merch
Trace:
Cake\Error\BaseErrorHandler::handleError() - CORE\src\Error\BaseErrorHandler.php, line 188
DebugKit\Plugin::DebugKit\{closure}() - ROOT\vendor\cakephp\debug_kit\src\Plugin.php, line 105
App\Controller\Admin\MerchandisingController::delete() - APP/Controller\Admin\MerchandisingController.php, line 115
Cake\Controller\Controller::invokeAction() - CORE\src\Controller\Controller.php, line 521
Cake\Controller\ControllerFactory::invoke() - CORE\src\Controller\ControllerFactory.php, line 79
Cake\Http\BaseApplication::handle() - CORE\src\Http\BaseApplication.php, line 229
Cake\Http\Runner::handle() - CORE\src\Http\Runner.php, line 77
Cake\Http\Middleware\BodyParserMiddleware::process() - CORE\src\Http\Middleware\BodyParserMiddleware.php, line 164
Cake\Http\Runner::handle() - CORE\src\Http\Runner.php, line 73
Cake\Routing\Middleware\RoutingMiddleware::process() - CORE\src\Routing\Middleware\RoutingMiddleware.php, line 160
Cake\Http\Runner::handle() - CORE\src\Http\Runner.php, line 73
Cake\Routing\Middleware\AssetMiddleware::process() - CORE\src\Routing\Middleware\AssetMiddleware.php, line 68
Cake\Http\Runner::handle() - CORE\src\Http\Runner.php, line 73
Cake\Error\Middleware\ErrorHandlerMiddleware::process() - CORE\src\Error\Middleware\ErrorHandlerMiddleware.php, line 119
Cake\Http\Runner::handle() - CORE\src\Http\Runner.php, line 73
DebugKit\Middleware\DebugKitMiddleware::process() - ROOT\vendor\cakephp\debug_kit\src\Middleware\DebugKitMiddleware.php, line 60
Cake\Http\Runner::handle() - CORE\src\Http\Runner.php, line 73
Cake\Http\Runner::run() - CORE\src\Http\Runner.php, line 58
Cake\Http\Server::run() - CORE\src\Http\Server.php, line 90
[main] - ROOT\webroot\index.php, line 40



2021-11-20 23:14:17 Notice: Notice (8): Undefined index: nombre in [C:\xampp\htdocs\oven\aniphoria-merch\src\Controller\Admin\MerchandisingController.php, line 116]
Request URL: /admin/merchandising/delete/68
Referer URL: http://localhost/oven/aniphoria-merch/admin/merch
Trace:
Cake\Error\BaseErrorHandler::handleError() - CORE\src\Error\BaseErrorHandler.php, line 188
DebugKit\Plugin::DebugKit\{closure}() - ROOT\vendor\cakephp\debug_kit\src\Plugin.php, line 105
App\Controller\Admin\MerchandisingController::delete() - APP/Controller\Admin\MerchandisingController.php, line 116
Cake\Controller\Controller::invokeAction() - CORE\src\Controller\Controller.php, line 521
Cake\Controller\ControllerFactory::invoke() - CORE\src\Controller\ControllerFactory.php, line 79
Cake\Http\BaseApplication::handle() - CORE\src\Http\BaseApplication.php, line 229
Cake\Http\Runner::handle() - CORE\src\Http\Runner.php, line 77
Cake\Http\Middleware\BodyParserMiddleware::process() - CORE\src\Http\Middleware\BodyParserMiddleware.php, line 164
Cake\Http\Runner::handle() - CORE\src\Http\Runner.php, line 73
Cake\Routing\Middleware\RoutingMiddleware::process() - CORE\src\Routing\Middleware\RoutingMiddleware.php, line 160
Cake\Http\Runner::handle() - CORE\src\Http\Runner.php, line 73
Cake\Routing\Middleware\AssetMiddleware::process() - CORE\src\Routing\Middleware\AssetMiddleware.php, line 68
Cake\Http\Runner::handle() - CORE\src\Http\Runner.php, line 73
Cake\Error\Middleware\ErrorHandlerMiddleware::process() - CORE\src\Error\Middleware\ErrorHandlerMiddleware.php, line 119
Cake\Http\Runner::handle() - CORE\src\Http\Runner.php, line 73
DebugKit\Middleware\DebugKitMiddleware::process() - ROOT\vendor\cakephp\debug_kit\src\Middleware\DebugKitMiddleware.php, line 60
Cake\Http\Runner::handle() - CORE\src\Http\Runner.php, line 73
Cake\Http\Runner::run() - CORE\src\Http\Runner.php, line 58
Cake\Http\Server::run() - CORE\src\Http\Server.php, line 90
[main] - ROOT\webroot\index.php, line 40



2021-11-20 23:14:17 Notice: Notice (8): Undefined index: nombre in [C:\xampp\htdocs\oven\aniphoria-merch\src\Controller\Admin\MerchandisingController.php, line 116]
Request URL: /admin/merchandising/delete/68
Referer URL: http://localhost/oven/aniphoria-merch/admin/merch
Trace:
Cake\Error\BaseErrorHandler::handleError() - CORE\src\Error\BaseErrorHandler.php, line 188
DebugKit\Plugin::DebugKit\{closure}() - ROOT\vendor\cakephp\debug_kit\src\Plugin.php, line 105
App\Controller\Admin\MerchandisingController::delete() - APP/Controller\Admin\MerchandisingController.php, line 116
Cake\Controller\Controller::invokeAction() - CORE\src\Controller\Controller.php, line 521
Cake\Controller\ControllerFactory::invoke() - CORE\src\Controller\ControllerFactory.php, line 79
Cake\Http\BaseApplication::handle() - CORE\src\Http\BaseApplication.php, line 229
Cake\Http\Runner::handle() - CORE\src\Http\Runner.php, line 77
Cake\Http\Middleware\BodyParserMiddleware::process() - CORE\src\Http\Middleware\BodyParserMiddleware.php, line 164
Cake\Http\Runner::handle() - CORE\src\Http\Runner.php, line 73
Cake\Routing\Middleware\RoutingMiddleware::process() - CORE\src\Routing\Middleware\RoutingMiddleware.php, line 160
Cake\Http\Runner::handle() - CORE\src\Http\Runner.php, line 73
Cake\Routing\Middleware\AssetMiddleware::process() - CORE\src\Routing\Middleware\AssetMiddleware.php, line 68
Cake\Http\Runner::handle() - CORE\src\Http\Runner.php, line 73
Cake\Error\Middleware\ErrorHandlerMiddleware::process() - CORE\src\Error\Middleware\ErrorHandlerMiddleware.php, line 119
Cake\Http\Runner::handle() - CORE\src\Http\Runner.php, line 73
DebugKit\Middleware\DebugKitMiddleware::process() - ROOT\vendor\cakephp\debug_kit\src\Middleware\DebugKitMiddleware.php, line 60
Cake\Http\Runner::handle() - CORE\src\Http\Runner.php, line 73
Cake\Http\Runner::run() - CORE\src\Http\Runner.php, line 58
Cake\Http\Server::run() - CORE\src\Http\Server.php, line 90
[main] - ROOT\webroot\index.php, line 40



2021-11-20 23:14:17 Notice: Notice (8): Undefined index: nombre in [C:\xampp\htdocs\oven\aniphoria-merch\src\Controller\Admin\MerchandisingController.php, line 116]
Request URL: /admin/merchandising/delete/68
Referer URL: http://localhost/oven/aniphoria-merch/admin/merch
Trace:
Cake\Error\BaseErrorHandler::handleError() - CORE\src\Error\BaseErrorHandler.php, line 188
DebugKit\Plugin::DebugKit\{closure}() - ROOT\vendor\cakephp\debug_kit\src\Plugin.php, line 105
App\Controller\Admin\MerchandisingController::delete() - APP/Controller\Admin\MerchandisingController.php, line 116
Cake\Controller\Controller::invokeAction() - CORE\src\Controller\Controller.php, line 521
Cake\Controller\ControllerFactory::invoke() - CORE\src\Controller\ControllerFactory.php, line 79
Cake\Http\BaseApplication::handle() - CORE\src\Http\BaseApplication.php, line 229
Cake\Http\Runner::handle() - CORE\src\Http\Runner.php, line 77
Cake\Http\Middleware\BodyParserMiddleware::process() - CORE\src\Http\Middleware\BodyParserMiddleware.php, line 164
Cake\Http\Runner::handle() - CORE\src\Http\Runner.php, line 73
Cake\Routing\Middleware\RoutingMiddleware::process() - CORE\src\Routing\Middleware\RoutingMiddleware.php, line 160
Cake\Http\Runner::handle() - CORE\src\Http\Runner.php, line 73
Cake\Routing\Middleware\AssetMiddleware::process() - CORE\src\Routing\Middleware\AssetMiddleware.php, line 68
Cake\Http\Runner::handle() - CORE\src\Http\Runner.php, line 73
Cake\Error\Middleware\ErrorHandlerMiddleware::process() - CORE\src\Error\Middleware\ErrorHandlerMiddleware.php, line 119
Cake\Http\Runner::handle() - CORE\src\Http\Runner.php, line 73
DebugKit\Middleware\DebugKitMiddleware::process() - ROOT\vendor\cakephp\debug_kit\src\Middleware\DebugKitMiddleware.php, line 60
Cake\Http\Runner::handle() - CORE\src\Http\Runner.php, line 73
Cake\Http\Runner::run() - CORE\src\Http\Runner.php, line 58
Cake\Http\Server::run() - CORE\src\Http\Server.php, line 90
[main] - ROOT\webroot\index.php, line 40



2021-11-20 23:56:07 Notice: Notice (8): Undefined index: nombre in [C:\xampp\htdocs\oven\aniphoria-merch\src\Controller\Admin\MerchandisingController.php, line 110]
Request URL: /admin/merchandising/delete/69
Referer URL: http://localhost/oven/aniphoria-merch/admin/merch
Trace:
Cake\Error\BaseErrorHandler::handleError() - CORE\src\Error\BaseErrorHandler.php, line 188
DebugKit\Plugin::DebugKit\{closure}() - ROOT\vendor\cakephp\debug_kit\src\Plugin.php, line 105
App\Controller\Admin\MerchandisingController::delete() - APP/Controller\Admin\MerchandisingController.php, line 110
Cake\Controller\Controller::invokeAction() - CORE\src\Controller\Controller.php, line 521
Cake\Controller\ControllerFactory::invoke() - CORE\src\Controller\ControllerFactory.php, line 79
Cake\Http\BaseApplication::handle() - CORE\src\Http\BaseApplication.php, line 229
Cake\Http\Runner::handle() - CORE\src\Http\Runner.php, line 77
Cake\Http\Middleware\BodyParserMiddleware::process() - CORE\src\Http\Middleware\BodyParserMiddleware.php, line 164
Cake\Http\Runner::handle() - CORE\src\Http\Runner.php, line 73
Cake\Routing\Middleware\RoutingMiddleware::process() - CORE\src\Routing\Middleware\RoutingMiddleware.php, line 160
Cake\Http\Runner::handle() - CORE\src\Http\Runner.php, line 73
Cake\Routing\Middleware\AssetMiddleware::process() - CORE\src\Routing\Middleware\AssetMiddleware.php, line 68
Cake\Http\Runner::handle() - CORE\src\Http\Runner.php, line 73
Cake\Error\Middleware\ErrorHandlerMiddleware::process() - CORE\src\Error\Middleware\ErrorHandlerMiddleware.php, line 119
Cake\Http\Runner::handle() - CORE\src\Http\Runner.php, line 73
DebugKit\Middleware\DebugKitMiddleware::process() - ROOT\vendor\cakephp\debug_kit\src\Middleware\DebugKitMiddleware.php, line 60
Cake\Http\Runner::handle() - CORE\src\Http\Runner.php, line 73
Cake\Http\Runner::run() - CORE\src\Http\Runner.php, line 58
Cake\Http\Server::run() - CORE\src\Http\Server.php, line 90
[main] - ROOT\webroot\index.php, line 40



2021-11-20 23:56:11 Notice: Notice (8): Undefined index: nombre in [C:\xampp\htdocs\oven\aniphoria-merch\src\Controller\Admin\MerchandisingController.php, line 110]
Request URL: /admin/merchandising/delete/74
Referer URL: http://localhost/oven/aniphoria-merch/admin/merch
Trace:
Cake\Error\BaseErrorHandler::handleError() - CORE\src\Error\BaseErrorHandler.php, line 188
DebugKit\Plugin::DebugKit\{closure}() - ROOT\vendor\cakephp\debug_kit\src\Plugin.php, line 105
App\Controller\Admin\MerchandisingController::delete() - APP/Controller\Admin\MerchandisingController.php, line 110
Cake\Controller\Controller::invokeAction() - CORE\src\Controller\Controller.php, line 521
Cake\Controller\ControllerFactory::invoke() - CORE\src\Controller\ControllerFactory.php, line 79
Cake\Http\BaseApplication::handle() - CORE\src\Http\BaseApplication.php, line 229
Cake\Http\Runner::handle() - CORE\src\Http\Runner.php, line 77
Cake\Http\Middleware\BodyParserMiddleware::process() - CORE\src\Http\Middleware\BodyParserMiddleware.php, line 164
Cake\Http\Runner::handle() - CORE\src\Http\Runner.php, line 73
Cake\Routing\Middleware\RoutingMiddleware::process() - CORE\src\Routing\Middleware\RoutingMiddleware.php, line 160
Cake\Http\Runner::handle() - CORE\src\Http\Runner.php, line 73
Cake\Routing\Middleware\AssetMiddleware::process() - CORE\src\Routing\Middleware\AssetMiddleware.php, line 68
Cake\Http\Runner::handle() - CORE\src\Http\Runner.php, line 73
Cake\Error\Middleware\ErrorHandlerMiddleware::process() - CORE\src\Error\Middleware\ErrorHandlerMiddleware.php, line 119
Cake\Http\Runner::handle() - CORE\src\Http\Runner.php, line 73
DebugKit\Middleware\DebugKitMiddleware::process() - ROOT\vendor\cakephp\debug_kit\src\Middleware\DebugKitMiddleware.php, line 60
Cake\Http\Runner::handle() - CORE\src\Http\Runner.php, line 73
Cake\Http\Runner::run() - CORE\src\Http\Runner.php, line 58
Cake\Http\Server::run() - CORE\src\Http\Server.php, line 90
[main] - ROOT\webroot\index.php, line 40



2021-11-20 23:56:11 Notice: Notice (8): Undefined index: nombre in [C:\xampp\htdocs\oven\aniphoria-merch\src\Controller\Admin\MerchandisingController.php, line 110]
Request URL: /admin/merchandising/delete/74
Referer URL: http://localhost/oven/aniphoria-merch/admin/merch
Trace:
Cake\Error\BaseErrorHandler::handleError() - CORE\src\Error\BaseErrorHandler.php, line 188
DebugKit\Plugin::DebugKit\{closure}() - ROOT\vendor\cakephp\debug_kit\src\Plugin.php, line 105
App\Controller\Admin\MerchandisingController::delete() - APP/Controller\Admin\MerchandisingController.php, line 110
Cake\Controller\Controller::invokeAction() - CORE\src\Controller\Controller.php, line 521
Cake\Controller\ControllerFactory::invoke() - CORE\src\Controller\ControllerFactory.php, line 79
Cake\Http\BaseApplication::handle() - CORE\src\Http\BaseApplication.php, line 229
Cake\Http\Runner::handle() - CORE\src\Http\Runner.php, line 77
Cake\Http\Middleware\BodyParserMiddleware::process() - CORE\src\Http\Middleware\BodyParserMiddleware.php, line 164
Cake\Http\Runner::handle() - CORE\src\Http\Runner.php, line 73
Cake\Routing\Middleware\RoutingMiddleware::process() - CORE\src\Routing\Middleware\RoutingMiddleware.php, line 160
Cake\Http\Runner::handle() - CORE\src\Http\Runner.php, line 73
Cake\Routing\Middleware\AssetMiddleware::process() - CORE\src\Routing\Middleware\AssetMiddleware.php, line 68
Cake\Http\Runner::handle() - CORE\src\Http\Runner.php, line 73
Cake\Error\Middleware\ErrorHandlerMiddleware::process() - CORE\src\Error\Middleware\ErrorHandlerMiddleware.php, line 119
Cake\Http\Runner::handle() - CORE\src\Http\Runner.php, line 73
DebugKit\Middleware\DebugKitMiddleware::process() - ROOT\vendor\cakephp\debug_kit\src\Middleware\DebugKitMiddleware.php, line 60
Cake\Http\Runner::handle() - CORE\src\Http\Runner.php, line 73
Cake\Http\Runner::run() - CORE\src\Http\Runner.php, line 58
Cake\Http\Server::run() - CORE\src\Http\Server.php, line 90
[main] - ROOT\webroot\index.php, line 40



2021-11-20 23:56:11 Notice: Notice (8): Undefined index: nombre in [C:\xampp\htdocs\oven\aniphoria-merch\src\Controller\Admin\MerchandisingController.php, line 110]
Request URL: /admin/merchandising/delete/74
Referer URL: http://localhost/oven/aniphoria-merch/admin/merch
Trace:
Cake\Error\BaseErrorHandler::handleError() - CORE\src\Error\BaseErrorHandler.php, line 188
DebugKit\Plugin::DebugKit\{closure}() - ROOT\vendor\cakephp\debug_kit\src\Plugin.php, line 105
App\Controller\Admin\MerchandisingController::delete() - APP/Controller\Admin\MerchandisingController.php, line 110
Cake\Controller\Controller::invokeAction() - CORE\src\Controller\Controller.php, line 521
Cake\Controller\ControllerFactory::invoke() - CORE\src\Controller\ControllerFactory.php, line 79
Cake\Http\BaseApplication::handle() - CORE\src\Http\BaseApplication.php, line 229
Cake\Http\Runner::handle() - CORE\src\Http\Runner.php, line 77
Cake\Http\Middleware\BodyParserMiddleware::process() - CORE\src\Http\Middleware\BodyParserMiddleware.php, line 164
Cake\Http\Runner::handle() - CORE\src\Http\Runner.php, line 73
Cake\Routing\Middleware\RoutingMiddleware::process() - CORE\src\Routing\Middleware\RoutingMiddleware.php, line 160
Cake\Http\Runner::handle() - CORE\src\Http\Runner.php, line 73
Cake\Routing\Middleware\AssetMiddleware::process() - CORE\src\Routing\Middleware\AssetMiddleware.php, line 68
Cake\Http\Runner::handle() - CORE\src\Http\Runner.php, line 73
Cake\Error\Middleware\ErrorHandlerMiddleware::process() - CORE\src\Error\Middleware\ErrorHandlerMiddleware.php, line 119
Cake\Http\Runner::handle() - CORE\src\Http\Runner.php, line 73
DebugKit\Middleware\DebugKitMiddleware::process() - ROOT\vendor\cakephp\debug_kit\src\Middleware\DebugKitMiddleware.php, line 60
Cake\Http\Runner::handle() - CORE\src\Http\Runner.php, line 73
Cake\Http\Runner::run() - CORE\src\Http\Runner.php, line 58
Cake\Http\Server::run() - CORE\src\Http\Server.php, line 90
[main] - ROOT\webroot\index.php, line 40



2021-11-20 23:56:14 Notice: Notice (8): Undefined index: nombre in [C:\xampp\htdocs\oven\aniphoria-merch\src\Controller\Admin\MerchandisingController.php, line 110]
Request URL: /admin/merchandising/delete/73
Referer URL: http://localhost/oven/aniphoria-merch/admin/merch
Trace:
Cake\Error\BaseErrorHandler::handleError() - CORE\src\Error\BaseErrorHandler.php, line 188
DebugKit\Plugin::DebugKit\{closure}() - ROOT\vendor\cakephp\debug_kit\src\Plugin.php, line 105
App\Controller\Admin\MerchandisingController::delete() - APP/Controller\Admin\MerchandisingController.php, line 110
Cake\Controller\Controller::invokeAction() - CORE\src\Controller\Controller.php, line 521
Cake\Controller\ControllerFactory::invoke() - CORE\src\Controller\ControllerFactory.php, line 79
Cake\Http\BaseApplication::handle() - CORE\src\Http\BaseApplication.php, line 229
Cake\Http\Runner::handle() - CORE\src\Http\Runner.php, line 77
Cake\Http\Middleware\BodyParserMiddleware::process() - CORE\src\Http\Middleware\BodyParserMiddleware.php, line 164
Cake\Http\Runner::handle() - CORE\src\Http\Runner.php, line 73
Cake\Routing\Middleware\RoutingMiddleware::process() - CORE\src\Routing\Middleware\RoutingMiddleware.php, line 160
Cake\Http\Runner::handle() - CORE\src\Http\Runner.php, line 73
Cake\Routing\Middleware\AssetMiddleware::process() - CORE\src\Routing\Middleware\AssetMiddleware.php, line 68
Cake\Http\Runner::handle() - CORE\src\Http\Runner.php, line 73
Cake\Error\Middleware\ErrorHandlerMiddleware::process() - CORE\src\Error\Middleware\ErrorHandlerMiddleware.php, line 119
Cake\Http\Runner::handle() - CORE\src\Http\Runner.php, line 73
DebugKit\Middleware\DebugKitMiddleware::process() - ROOT\vendor\cakephp\debug_kit\src\Middleware\DebugKitMiddleware.php, line 60
Cake\Http\Runner::handle() - CORE\src\Http\Runner.php, line 73
Cake\Http\Runner::run() - CORE\src\Http\Runner.php, line 58
Cake\Http\Server::run() - CORE\src\Http\Server.php, line 90
[main] - ROOT\webroot\index.php, line 40



2021-11-20 23:56:18 Notice: Notice (8): Undefined index: nombre in [C:\xampp\htdocs\oven\aniphoria-merch\src\Controller\Admin\MerchandisingController.php, line 110]
Request URL: /admin/merchandising/delete/72
Referer URL: http://localhost/oven/aniphoria-merch/admin/merch
Trace:
Cake\Error\BaseErrorHandler::handleError() - CORE\src\Error\BaseErrorHandler.php, line 188
DebugKit\Plugin::DebugKit\{closure}() - ROOT\vendor\cakephp\debug_kit\src\Plugin.php, line 105
App\Controller\Admin\MerchandisingController::delete() - APP/Controller\Admin\MerchandisingController.php, line 110
Cake\Controller\Controller::invokeAction() - CORE\src\Controller\Controller.php, line 521
Cake\Controller\ControllerFactory::invoke() - CORE\src\Controller\ControllerFactory.php, line 79
Cake\Http\BaseApplication::handle() - CORE\src\Http\BaseApplication.php, line 229
Cake\Http\Runner::handle() - CORE\src\Http\Runner.php, line 77
Cake\Http\Middleware\BodyParserMiddleware::process() - CORE\src\Http\Middleware\BodyParserMiddleware.php, line 164
Cake\Http\Runner::handle() - CORE\src\Http\Runner.php, line 73
Cake\Routing\Middleware\RoutingMiddleware::process() - CORE\src\Routing\Middleware\RoutingMiddleware.php, line 160
Cake\Http\Runner::handle() - CORE\src\Http\Runner.php, line 73
Cake\Routing\Middleware\AssetMiddleware::process() - CORE\src\Routing\Middleware\AssetMiddleware.php, line 68
Cake\Http\Runner::handle() - CORE\src\Http\Runner.php, line 73
Cake\Error\Middleware\ErrorHandlerMiddleware::process() - CORE\src\Error\Middleware\ErrorHandlerMiddleware.php, line 119
Cake\Http\Runner::handle() - CORE\src\Http\Runner.php, line 73
DebugKit\Middleware\DebugKitMiddleware::process() - ROOT\vendor\cakephp\debug_kit\src\Middleware\DebugKitMiddleware.php, line 60
Cake\Http\Runner::handle() - CORE\src\Http\Runner.php, line 73
Cake\Http\Runner::run() - CORE\src\Http\Runner.php, line 58
Cake\Http\Server::run() - CORE\src\Http\Server.php, line 90
[main] - ROOT\webroot\index.php, line 40



2021-11-20 23:56:21 Notice: Notice (8): Undefined index: nombre in [C:\xampp\htdocs\oven\aniphoria-merch\src\Controller\Admin\MerchandisingController.php, line 110]
Request URL: /admin/merchandising/delete/71
Referer URL: http://localhost/oven/aniphoria-merch/admin/merch
Trace:
Cake\Error\BaseErrorHandler::handleError() - CORE\src\Error\BaseErrorHandler.php, line 188
DebugKit\Plugin::DebugKit\{closure}() - ROOT\vendor\cakephp\debug_kit\src\Plugin.php, line 105
App\Controller\Admin\MerchandisingController::delete() - APP/Controller\Admin\MerchandisingController.php, line 110
Cake\Controller\Controller::invokeAction() - CORE\src\Controller\Controller.php, line 521
Cake\Controller\ControllerFactory::invoke() - CORE\src\Controller\ControllerFactory.php, line 79
Cake\Http\BaseApplication::handle() - CORE\src\Http\BaseApplication.php, line 229
Cake\Http\Runner::handle() - CORE\src\Http\Runner.php, line 77
Cake\Http\Middleware\BodyParserMiddleware::process() - CORE\src\Http\Middleware\BodyParserMiddleware.php, line 164
Cake\Http\Runner::handle() - CORE\src\Http\Runner.php, line 73
Cake\Routing\Middleware\RoutingMiddleware::process() - CORE\src\Routing\Middleware\RoutingMiddleware.php, line 160
Cake\Http\Runner::handle() - CORE\src\Http\Runner.php, line 73
Cake\Routing\Middleware\AssetMiddleware::process() - CORE\src\Routing\Middleware\AssetMiddleware.php, line 68
Cake\Http\Runner::handle() - CORE\src\Http\Runner.php, line 73
Cake\Error\Middleware\ErrorHandlerMiddleware::process() - CORE\src\Error\Middleware\ErrorHandlerMiddleware.php, line 119
Cake\Http\Runner::handle() - CORE\src\Http\Runner.php, line 73
DebugKit\Middleware\DebugKitMiddleware::process() - ROOT\vendor\cakephp\debug_kit\src\Middleware\DebugKitMiddleware.php, line 60
Cake\Http\Runner::handle() - CORE\src\Http\Runner.php, line 73
Cake\Http\Runner::run() - CORE\src\Http\Runner.php, line 58
Cake\Http\Server::run() - CORE\src\Http\Server.php, line 90
[main] - ROOT\webroot\index.php, line 40



2021-11-20 23:56:25 Notice: Notice (8): Undefined index: nombre in [C:\xampp\htdocs\oven\aniphoria-merch\src\Controller\Admin\MerchandisingController.php, line 110]
Request URL: /admin/merchandising/delete/70
Referer URL: http://localhost/oven/aniphoria-merch/admin/merch
Trace:
Cake\Error\BaseErrorHandler::handleError() - CORE\src\Error\BaseErrorHandler.php, line 188
DebugKit\Plugin::DebugKit\{closure}() - ROOT\vendor\cakephp\debug_kit\src\Plugin.php, line 105
App\Controller\Admin\MerchandisingController::delete() - APP/Controller\Admin\MerchandisingController.php, line 110
Cake\Controller\Controller::invokeAction() - CORE\src\Controller\Controller.php, line 521
Cake\Controller\ControllerFactory::invoke() - CORE\src\Controller\ControllerFactory.php, line 79
Cake\Http\BaseApplication::handle() - CORE\src\Http\BaseApplication.php, line 229
Cake\Http\Runner::handle() - CORE\src\Http\Runner.php, line 77
Cake\Http\Middleware\BodyParserMiddleware::process() - CORE\src\Http\Middleware\BodyParserMiddleware.php, line 164
Cake\Http\Runner::handle() - CORE\src\Http\Runner.php, line 73
Cake\Routing\Middleware\RoutingMiddleware::process() - CORE\src\Routing\Middleware\RoutingMiddleware.php, line 160
Cake\Http\Runner::handle() - CORE\src\Http\Runner.php, line 73
Cake\Routing\Middleware\AssetMiddleware::process() - CORE\src\Routing\Middleware\AssetMiddleware.php, line 68
Cake\Http\Runner::handle() - CORE\src\Http\Runner.php, line 73
Cake\Error\Middleware\ErrorHandlerMiddleware::process() - CORE\src\Error\Middleware\ErrorHandlerMiddleware.php, line 119
Cake\Http\Runner::handle() - CORE\src\Http\Runner.php, line 73
DebugKit\Middleware\DebugKitMiddleware::process() - ROOT\vendor\cakephp\debug_kit\src\Middleware\DebugKitMiddleware.php, line 60
Cake\Http\Runner::handle() - CORE\src\Http\Runner.php, line 73
Cake\Http\Runner::run() - CORE\src\Http\Runner.php, line 58
Cake\Http\Server::run() - CORE\src\Http\Server.php, line 90
[main] - ROOT\webroot\index.php, line 40



